This is pdfTeX, Version 3.1415926-2.5-1.40.14 (TeX Live 2013/W32TeX) (format=pdflatex 2013.9.26)  24 JAN 2014 23:00
entering extended mode
 restricted \write18 enabled.
 %&-line parsing enabled.
**Bachelorarbeit.tex
(./Bachelorarbeit.tex
LaTeX2e <2011/06/27>
Babel <3.9f> and hyphenation patterns for 78 languages loaded.
(c:/texlive/2013/texmf-dist/tex/latex/base/report.cls
Document Class: report 2007/10/19 v1.4h Standard LaTeX document class
(c:/texlive/2013/texmf-dist/tex/latex/base/size11.clo
File: size11.clo 2007/10/19 v1.4h Standard LaTeX file (size option)
)
\c@part=\count79
\c@chapter=\count80
\c@section=\count81
\c@subsection=\count82
\c@subsubsection=\count83
\c@paragraph=\count84
\c@subparagraph=\count85
\c@figure=\count86
\c@table=\count87
\abovecaptionskip=\skip41
\belowcaptionskip=\skip42
\bibindent=\dimen102
)
(c:/texlive/2013/texmf-dist/tex/generic/babel/babel.sty
Package: babel 2013/05/16 v3.9f The Babel package

(c:/texlive/2013/texmf-dist/tex/generic/babel-german/ngermanb.ldf
Language: ngermanb 2008/07/06 v2.6n new German support from the babel system

(c:/texlive/2013/texmf-dist/tex/generic/babel/babel.def
File: babel.def 2013/05/16 v3.9f Babel common definitions
\babel@savecnt=\count88
\U@D=\dimen103
)
\l@naustrian = a dialect from \language\l@ngerman 
Package babel Info: Making " an active character on input line 92.
))
(c:/texlive/2013/texmf-dist/tex/latex/base/inputenc.sty
Package: inputenc 2008/03/30 v1.1d Input encoding file
\inpenc@prehook=\toks14
\inpenc@posthook=\toks15

(c:/texlive/2013/texmf-dist/tex/latex/base/utf8.def
File: utf8.def 2008/04/05 v1.1m UTF-8 support for inputenc
Now handling font encoding OML ...
... no UTF-8 mapping file for font encoding OML
Now handling font encoding T1 ...
... processing UTF-8 mapping file for font encoding T1

(c:/texlive/2013/texmf-dist/tex/latex/base/t1enc.dfu
File: t1enc.dfu 2008/04/05 v1.1m UTF-8 support for inputenc
   defining Unicode char U+00A1 (decimal 161)
   defining Unicode char U+00A3 (decimal 163)
   defining Unicode char U+00AB (decimal 171)
   defining Unicode char U+00BB (decimal 187)
   defining Unicode char U+00BF (decimal 191)
   defining Unicode char U+00C0 (decimal 192)
   defining Unicode char U+00C1 (decimal 193)
   defining Unicode char U+00C2 (decimal 194)
   defining Unicode char U+00C3 (decimal 195)
   defining Unicode char U+00C4 (decimal 196)
   defining Unicode char U+00C5 (decimal 197)
   defining Unicode char U+00C6 (decimal 198)
   defining Unicode char U+00C7 (decimal 199)
   defining Unicode char U+00C8 (decimal 200)
   defining Unicode char U+00C9 (decimal 201)
   defining Unicode char U+00CA (decimal 202)
   defining Unicode char U+00CB (decimal 203)
   defining Unicode char U+00CC (decimal 204)
   defining Unicode char U+00CD (decimal 205)
   defining Unicode char U+00CE (decimal 206)
   defining Unicode char U+00CF (decimal 207)
   defining Unicode char U+00D0 (decimal 208)
   defining Unicode char U+00D1 (decimal 209)
   defining Unicode char U+00D2 (decimal 210)
   defining Unicode char U+00D3 (decimal 211)
   defining Unicode char U+00D4 (decimal 212)
   defining Unicode char U+00D5 (decimal 213)
   defining Unicode char U+00D6 (decimal 214)
   defining Unicode char U+00D8 (decimal 216)
   defining Unicode char U+00D9 (decimal 217)
   defining Unicode char U+00DA (decimal 218)
   defining Unicode char U+00DB (decimal 219)
   defining Unicode char U+00DC (decimal 220)
   defining Unicode char U+00DD (decimal 221)
   defining Unicode char U+00DE (decimal 222)
   defining Unicode char U+00DF (decimal 223)
   defining Unicode char U+00E0 (decimal 224)
   defining Unicode char U+00E1 (decimal 225)
   defining Unicode char U+00E2 (decimal 226)
   defining Unicode char U+00E3 (decimal 227)
   defining Unicode char U+00E4 (decimal 228)
   defining Unicode char U+00E5 (decimal 229)
   defining Unicode char U+00E6 (decimal 230)
   defining Unicode char U+00E7 (decimal 231)
   defining Unicode char U+00E8 (decimal 232)
   defining Unicode char U+00E9 (decimal 233)
   defining Unicode char U+00EA (decimal 234)
   defining Unicode char U+00EB (decimal 235)
   defining Unicode char U+00EC (decimal 236)
   defining Unicode char U+00ED (decimal 237)
   defining Unicode char U+00EE (decimal 238)
   defining Unicode char U+00EF (decimal 239)
   defining Unicode char U+00F0 (decimal 240)
   defining Unicode char U+00F1 (decimal 241)
   defining Unicode char U+00F2 (decimal 242)
   defining Unicode char U+00F3 (decimal 243)
   defining Unicode char U+00F4 (decimal 244)
   defining Unicode char U+00F5 (decimal 245)
   defining Unicode char U+00F6 (decimal 246)
   defining Unicode char U+00F8 (decimal 248)
   defining Unicode char U+00F9 (decimal 249)
   defining Unicode char U+00FA (decimal 250)
   defining Unicode char U+00FB (decimal 251)
   defining Unicode char U+00FC (decimal 252)
   defining Unicode char U+00FD (decimal 253)
   defining Unicode char U+00FE (decimal 254)
   defining Unicode char U+00FF (decimal 255)
   defining Unicode char U+0102 (decimal 258)
   defining Unicode char U+0103 (decimal 259)
   defining Unicode char U+0104 (decimal 260)
   defining Unicode char U+0105 (decimal 261)
   defining Unicode char U+0106 (decimal 262)
   defining Unicode char U+0107 (decimal 263)
   defining Unicode char U+010C (decimal 268)
   defining Unicode char U+010D (decimal 269)
   defining Unicode char U+010E (decimal 270)
   defining Unicode char U+010F (decimal 271)
   defining Unicode char U+0110 (decimal 272)
   defining Unicode char U+0111 (decimal 273)
   defining Unicode char U+0118 (decimal 280)
   defining Unicode char U+0119 (decimal 281)
   defining Unicode char U+011A (decimal 282)
   defining Unicode char U+011B (decimal 283)
   defining Unicode char U+011E (decimal 286)
   defining Unicode char U+011F (decimal 287)
   defining Unicode char U+0130 (decimal 304)
   defining Unicode char U+0131 (decimal 305)
   defining Unicode char U+0132 (decimal 306)
   defining Unicode char U+0133 (decimal 307)
   defining Unicode char U+0139 (decimal 313)
   defining Unicode char U+013A (decimal 314)
   defining Unicode char U+013D (decimal 317)
   defining Unicode char U+013E (decimal 318)
   defining Unicode char U+0141 (decimal 321)
   defining Unicode char U+0142 (decimal 322)
   defining Unicode char U+0143 (decimal 323)
   defining Unicode char U+0144 (decimal 324)
   defining Unicode char U+0147 (decimal 327)
   defining Unicode char U+0148 (decimal 328)
   defining Unicode char U+014A (decimal 330)
   defining Unicode char U+014B (decimal 331)
   defining Unicode char U+0150 (decimal 336)
   defining Unicode char U+0151 (decimal 337)
   defining Unicode char U+0152 (decimal 338)
   defining Unicode char U+0153 (decimal 339)
   defining Unicode char U+0154 (decimal 340)
   defining Unicode char U+0155 (decimal 341)
   defining Unicode char U+0158 (decimal 344)
   defining Unicode char U+0159 (decimal 345)
   defining Unicode char U+015A (decimal 346)
   defining Unicode char U+015B (decimal 347)
   defining Unicode char U+015E (decimal 350)
   defining Unicode char U+015F (decimal 351)
   defining Unicode char U+0160 (decimal 352)
   defining Unicode char U+0161 (decimal 353)
   defining Unicode char U+0162 (decimal 354)
   defining Unicode char U+0163 (decimal 355)
   defining Unicode char U+0164 (decimal 356)
   defining Unicode char U+0165 (decimal 357)
   defining Unicode char U+016E (decimal 366)
   defining Unicode char U+016F (decimal 367)
   defining Unicode char U+0170 (decimal 368)
   defining Unicode char U+0171 (decimal 369)
   defining Unicode char U+0178 (decimal 376)
   defining Unicode char U+0179 (decimal 377)
   defining Unicode char U+017A (decimal 378)
   defining Unicode char U+017B (decimal 379)
   defining Unicode char U+017C (decimal 380)
   defining Unicode char U+017D (decimal 381)
   defining Unicode char U+017E (decimal 382)
   defining Unicode char U+200C (decimal 8204)
   defining Unicode char U+2013 (decimal 8211)
   defining Unicode char U+2014 (decimal 8212)
   defining Unicode char U+2018 (decimal 8216)
   defining Unicode char U+2019 (decimal 8217)
   defining Unicode char U+201A (decimal 8218)
   defining Unicode char U+201C (decimal 8220)
   defining Unicode char U+201D (decimal 8221)
   defining Unicode char U+201E (decimal 8222)
   defining Unicode char U+2030 (decimal 8240)
   defining Unicode char U+2031 (decimal 8241)
   defining Unicode char U+2039 (decimal 8249)
   defining Unicode char U+203A (decimal 8250)
   defining Unicode char U+2423 (decimal 9251)
)
Now handling font encoding OT1 ...
... processing UTF-8 mapping file for font encoding OT1

(c:/texlive/2013/texmf-dist/tex/latex/base/ot1enc.dfu
File: ot1enc.dfu 2008/04/05 v1.1m UTF-8 support for inputenc
   defining Unicode char U+00A1 (decimal 161)
   defining Unicode char U+00A3 (decimal 163)
   defining Unicode char U+00B8 (decimal 184)
   defining Unicode char U+00BF (decimal 191)
   defining Unicode char U+00C5 (decimal 197)
   defining Unicode char U+00C6 (decimal 198)
   defining Unicode char U+00D8 (decimal 216)
   defining Unicode char U+00DF (decimal 223)
   defining Unicode char U+00E6 (decimal 230)
   defining Unicode char U+00EC (decimal 236)
   defining Unicode char U+00ED (decimal 237)
   defining Unicode char U+00EE (decimal 238)
   defining Unicode char U+00EF (decimal 239)
   defining Unicode char U+00F8 (decimal 248)
   defining Unicode char U+0131 (decimal 305)
   defining Unicode char U+0141 (decimal 321)
   defining Unicode char U+0142 (decimal 322)
   defining Unicode char U+0152 (decimal 338)
   defining Unicode char U+0153 (decimal 339)
   defining Unicode char U+2013 (decimal 8211)
   defining Unicode char U+2014 (decimal 8212)
   defining Unicode char U+2018 (decimal 8216)
   defining Unicode char U+2019 (decimal 8217)
   defining Unicode char U+201C (decimal 8220)
   defining Unicode char U+201D (decimal 8221)
)
Now handling font encoding OMS ...
... processing UTF-8 mapping file for font encoding OMS

(c:/texlive/2013/texmf-dist/tex/latex/base/omsenc.dfu
File: omsenc.dfu 2008/04/05 v1.1m UTF-8 support for inputenc
   defining Unicode char U+00A7 (decimal 167)
   defining Unicode char U+00B6 (decimal 182)
   defining Unicode char U+00B7 (decimal 183)
   defining Unicode char U+2020 (decimal 8224)
   defining Unicode char U+2021 (decimal 8225)
   defining Unicode char U+2022 (decimal 8226)
)
Now handling font encoding OMX ...
... no UTF-8 mapping file for font encoding OMX
Now handling font encoding U ...
... no UTF-8 mapping file for font encoding U
   defining Unicode char U+00A9 (decimal 169)
   defining Unicode char U+00AA (decimal 170)
   defining Unicode char U+00AE (decimal 174)
   defining Unicode char U+00BA (decimal 186)
   defining Unicode char U+02C6 (decimal 710)
   defining Unicode char U+02DC (decimal 732)
   defining Unicode char U+200C (decimal 8204)
   defining Unicode char U+2026 (decimal 8230)
   defining Unicode char U+2122 (decimal 8482)
   defining Unicode char U+2423 (decimal 9251)
))
(c:/texlive/2013/texmf-dist/tex/latex/germbib/bibgerm.sty
Package: bibgerm 2000/08/18 v0.1 Support for mixed language bibliographies

** Macros for german `BibTeX'ing added to Style Option `german' 20 Apr 1993 **
** idea and languages `german' and `USenglish' implemented by M. Wallmeier **
** Modified for LaTeX 2e and german.sty 2.5b by A. Scherer 1 Nov 1995 **
** Modified for ngerman.sty and babel.sty by H. Harders 21 August 2000 **)
(c:/texlive/2013/texmf-dist/tex/latex/tools/varioref.sty
Package: varioref 2011/10/02 v1.4z package for extended references (FMi)
\c@vrcnt=\count89
)
(c:/texlive/2013/texmf-dist/tex/latex/hyperref/hyperref.sty
Package: hyperref 2012/11/06 v6.83m Hypertext links for LaTeX

(c:/texlive/2013/texmf-dist/tex/generic/oberdiek/hobsub-hyperref.sty
Package: hobsub-hyperref 2012/05/28 v1.13 Bundle oberdiek, subset hyperref (HO)


(c:/texlive/2013/texmf-dist/tex/generic/oberdiek/hobsub-generic.sty
Package: hobsub-generic 2012/05/28 v1.13 Bundle oberdiek, subset generic (HO)
Package: hobsub 2012/05/28 v1.13 Construct package bundles (HO)
Package: infwarerr 2010/04/08 v1.3 Providing info/warning/error messages (HO)
Package: ltxcmds 2011/11/09 v1.22 LaTeX kernel commands for general use (HO)
Package: ifluatex 2010/03/01 v1.3 Provides the ifluatex switch (HO)
Package ifluatex Info: LuaTeX not detected.
Package: ifvtex 2010/03/01 v1.5 Detect VTeX and its facilities (HO)
Package ifvtex Info: VTeX not detected.
Package: intcalc 2007/09/27 v1.1 Expandable calculations with integers (HO)
Package: ifpdf 2011/01/30 v2.3 Provides the ifpdf switch (HO)
Package ifpdf Info: pdfTeX in PDF mode is detected.
Package: etexcmds 2011/02/16 v1.5 Avoid name clashes with e-TeX commands (HO)
Package etexcmds Info: Could not find \expanded.
(etexcmds)             That can mean that you are not using pdfTeX 1.50 or
(etexcmds)             that some package has redefined \expanded.
(etexcmds)             In the latter case, load this package earlier.
Package: kvsetkeys 2012/04/25 v1.16 Key value parser (HO)
Package: kvdefinekeys 2011/04/07 v1.3 Define keys (HO)
Package: pdftexcmds 2011/11/29 v0.20 Utility functions of pdfTeX for LuaTeX (HO
)
Package pdftexcmds Info: LuaTeX not detected.
Package pdftexcmds Info: \pdf@primitive is available.
Package pdftexcmds Info: \pdf@ifprimitive is available.
Package pdftexcmds Info: \pdfdraftmode found.
Package: pdfescape 2011/11/25 v1.13 Implements pdfTeX's escape features (HO)
Package: bigintcalc 2012/04/08 v1.3 Expandable calculations on big integers (HO
)
Package: bitset 2011/01/30 v1.1 Handle bit-vector datatype (HO)
Package: uniquecounter 2011/01/30 v1.2 Provide unlimited unique counter (HO)
)
Package hobsub Info: Skipping package `hobsub' (already loaded).
Package: letltxmacro 2010/09/02 v1.4 Let assignment for LaTeX macros (HO)
Package: hopatch 2012/05/28 v1.2 Wrapper for package hooks (HO)
Package: xcolor-patch 2011/01/30 xcolor patch
Package: atveryend 2011/06/30 v1.8 Hooks at the very end of document (HO)
Package atveryend Info: \enddocument detected (standard20110627).
Package: atbegshi 2011/10/05 v1.16 At begin shipout hook (HO)
Package: refcount 2011/10/16 v3.4 Data extraction from label references (HO)
Package: hycolor 2011/01/30 v1.7 Color options for hyperref/bookmark (HO)
)
(c:/texlive/2013/texmf-dist/tex/latex/graphics/keyval.sty
Package: keyval 1999/03/16 v1.13 key=value parser (DPC)
\KV@toks@=\toks16
)
(c:/texlive/2013/texmf-dist/tex/generic/ifxetex/ifxetex.sty
Package: ifxetex 2010/09/12 v0.6 Provides ifxetex conditional
)
(c:/texlive/2013/texmf-dist/tex/latex/oberdiek/auxhook.sty
Package: auxhook 2011/03/04 v1.3 Hooks for auxiliary files (HO)
)
(c:/texlive/2013/texmf-dist/tex/latex/oberdiek/kvoptions.sty
Package: kvoptions 2011/06/30 v3.11 Key value format for package options (HO)
)
\@linkdim=\dimen104
\Hy@linkcounter=\count90
\Hy@pagecounter=\count91

(c:/texlive/2013/texmf-dist/tex/latex/hyperref/pd1enc.def
File: pd1enc.def 2012/11/06 v6.83m Hyperref: PDFDocEncoding definition (HO)
Now handling font encoding PD1 ...
... no UTF-8 mapping file for font encoding PD1
)
\Hy@SavedSpaceFactor=\count92

(c:/texlive/2013/texmf-dist/tex/latex/latexconfig/hyperref.cfg
File: hyperref.cfg 2002/06/06 v1.2 hyperref configuration of TeXLive
)
Package hyperref Info: Hyper figures OFF on input line 4443.
Package hyperref Info: Link nesting OFF on input line 4448.
Package hyperref Info: Hyper index ON on input line 4451.
Package hyperref Info: Plain pages OFF on input line 4458.
Package hyperref Info: Backreferencing OFF on input line 4463.
Package hyperref Info: Implicit mode ON; LaTeX internals redefined.
Package hyperref Info: Bookmarks ON on input line 4688.
\c@Hy@tempcnt=\count93

(c:/texlive/2013/texmf-dist/tex/latex/url/url.sty
\Urlmuskip=\muskip10
Package: url 2006/04/12  ver 3.3  Verb mode for urls, etc.
)
LaTeX Info: Redefining \url on input line 5041.
\XeTeXLinkMargin=\dimen105
\Fld@menulength=\count94
\Field@Width=\dimen106
\Fld@charsize=\dimen107
Package hyperref Info: Hyper figures OFF on input line 6295.
Package hyperref Info: Link nesting OFF on input line 6300.
Package hyperref Info: Hyper index ON on input line 6303.
Package hyperref Info: backreferencing OFF on input line 6310.
Package hyperref Info: Link coloring OFF on input line 6315.
Package hyperref Info: Link coloring with OCG OFF on input line 6320.
Package hyperref Info: PDF/A mode OFF on input line 6325.
LaTeX Info: Redefining \ref on input line 6365.
LaTeX Info: Redefining \pageref on input line 6369.
\Hy@abspage=\count95
\c@Item=\count96
\c@Hfootnote=\count97
)

Package hyperref Message: Driver (autodetected): hpdftex.

(c:/texlive/2013/texmf-dist/tex/latex/hyperref/hpdftex.def
File: hpdftex.def 2012/11/06 v6.83m Hyperref driver for pdfTeX
\Fld@listcount=\count98
\c@bookmark@seq@number=\count99

(c:/texlive/2013/texmf-dist/tex/latex/oberdiek/rerunfilecheck.sty
Package: rerunfilecheck 2011/04/15 v1.7 Rerun checks for auxiliary files (HO)
Package uniquecounter Info: New unique counter `rerunfilecheck' on input line 2
82.
)
\Hy@SectionHShift=\skip43
)
(c:/texlive/2013/texmf-dist/tex/latex/xcolor/xcolor.sty
Package: xcolor 2007/01/21 v2.11 LaTeX color extensions (UK)

(c:/texlive/2013/texmf-dist/tex/latex/latexconfig/color.cfg
File: color.cfg 2007/01/18 v1.5 color configuration of teTeX/TeXLive
)
Package xcolor Info: Driver file: pdftex.def on input line 225.

(c:/texlive/2013/texmf-dist/tex/latex/pdftex-def/pdftex.def
File: pdftex.def 2011/05/27 v0.06d Graphics/color for pdfTeX
\Gread@gobject=\count100
)
(c:/texlive/2013/texmf-dist/tex/latex/colortbl/colortbl.sty
Package: colortbl 2012/02/13 v1.0a Color table columns (DPC)

(c:/texlive/2013/texmf-dist/tex/latex/tools/array.sty
Package: array 2008/09/09 v2.4c Tabular extension package (FMi)
\col@sep=\dimen108
\extrarowheight=\dimen109
\NC@list=\toks17
\extratabsurround=\skip44
\backup@length=\skip45
)
\everycr=\toks18
\minrowclearance=\skip46
)
\rownum=\count101
Package xcolor Info: Model `cmy' substituted by `cmy0' on input line 1337.
Package xcolor Info: Model `hsb' substituted by `rgb' on input line 1341.
Package xcolor Info: Model `RGB' extended on input line 1353.
Package xcolor Info: Model `HTML' substituted by `rgb' on input line 1355.
Package xcolor Info: Model `Hsb' substituted by `hsb' on input line 1356.
Package xcolor Info: Model `tHsb' substituted by `hsb' on input line 1357.
Package xcolor Info: Model `HSB' substituted by `hsb' on input line 1358.
Package xcolor Info: Model `Gray' substituted by `gray' on input line 1359.
Package xcolor Info: Model `wave' substituted by `hsb' on input line 1360.
)
(c:/texlive/2013/texmf-dist/tex/latex/base/textcomp.sty
Package: textcomp 2005/09/27 v1.99g Standard LaTeX package
Package textcomp Info: Sub-encoding information:
(textcomp)               5 = only ISO-Adobe without \textcurrency
(textcomp)               4 = 5 + \texteuro
(textcomp)               3 = 4 + \textohm
(textcomp)               2 = 3 + \textestimated + \textcurrency
(textcomp)               1 = TS1 - \textcircled - \t
(textcomp)               0 = TS1 (full)
(textcomp)             Font families with sub-encoding setting implement
(textcomp)             only a restricted character set as indicated.
(textcomp)             Family '?' is the default used for unknown fonts.
(textcomp)             See the documentation for details.
Package textcomp Info: Setting ? sub-encoding to TS1/1 on input line 71.

(c:/texlive/2013/texmf-dist/tex/latex/base/ts1enc.def
File: ts1enc.def 2001/06/05 v3.0e (jk/car/fm) Standard LaTeX file
Now handling font encoding TS1 ...
... processing UTF-8 mapping file for font encoding TS1

(c:/texlive/2013/texmf-dist/tex/latex/base/ts1enc.dfu
File: ts1enc.dfu 2008/04/05 v1.1m UTF-8 support for inputenc
   defining Unicode char U+00A2 (decimal 162)
   defining Unicode char U+00A3 (decimal 163)
   defining Unicode char U+00A4 (decimal 164)
   defining Unicode char U+00A5 (decimal 165)
   defining Unicode char U+00A6 (decimal 166)
   defining Unicode char U+00A7 (decimal 167)
   defining Unicode char U+00A8 (decimal 168)
   defining Unicode char U+00A9 (decimal 169)
   defining Unicode char U+00AA (decimal 170)
   defining Unicode char U+00AC (decimal 172)
   defining Unicode char U+00AE (decimal 174)
   defining Unicode char U+00AF (decimal 175)
   defining Unicode char U+00B0 (decimal 176)
   defining Unicode char U+00B1 (decimal 177)
   defining Unicode char U+00B2 (decimal 178)
   defining Unicode char U+00B3 (decimal 179)
   defining Unicode char U+00B4 (decimal 180)
   defining Unicode char U+00B5 (decimal 181)
   defining Unicode char U+00B6 (decimal 182)
   defining Unicode char U+00B7 (decimal 183)
   defining Unicode char U+00B9 (decimal 185)
   defining Unicode char U+00BA (decimal 186)
   defining Unicode char U+00BC (decimal 188)
   defining Unicode char U+00BD (decimal 189)
   defining Unicode char U+00BE (decimal 190)
   defining Unicode char U+00D7 (decimal 215)
   defining Unicode char U+00F7 (decimal 247)
   defining Unicode char U+0192 (decimal 402)
   defining Unicode char U+02C7 (decimal 711)
   defining Unicode char U+02D8 (decimal 728)
   defining Unicode char U+02DD (decimal 733)
   defining Unicode char U+0E3F (decimal 3647)
   defining Unicode char U+2016 (decimal 8214)
   defining Unicode char U+2020 (decimal 8224)
   defining Unicode char U+2021 (decimal 8225)
   defining Unicode char U+2022 (decimal 8226)
   defining Unicode char U+2030 (decimal 8240)
   defining Unicode char U+2031 (decimal 8241)
   defining Unicode char U+203B (decimal 8251)
   defining Unicode char U+203D (decimal 8253)
   defining Unicode char U+2044 (decimal 8260)
   defining Unicode char U+204E (decimal 8270)
   defining Unicode char U+2052 (decimal 8274)
   defining Unicode char U+20A1 (decimal 8353)
   defining Unicode char U+20A4 (decimal 8356)
   defining Unicode char U+20A6 (decimal 8358)
   defining Unicode char U+20A9 (decimal 8361)
   defining Unicode char U+20AB (decimal 8363)
   defining Unicode char U+20AC (decimal 8364)
   defining Unicode char U+20B1 (decimal 8369)
   defining Unicode char U+2103 (decimal 8451)
   defining Unicode char U+2116 (decimal 8470)
   defining Unicode char U+2117 (decimal 8471)
   defining Unicode char U+211E (decimal 8478)
   defining Unicode char U+2120 (decimal 8480)
   defining Unicode char U+2122 (decimal 8482)
   defining Unicode char U+2126 (decimal 8486)
   defining Unicode char U+2127 (decimal 8487)
   defining Unicode char U+212E (decimal 8494)
   defining Unicode char U+2190 (decimal 8592)
   defining Unicode char U+2191 (decimal 8593)
   defining Unicode char U+2192 (decimal 8594)
   defining Unicode char U+2193 (decimal 8595)
   defining Unicode char U+2329 (decimal 9001)
   defining Unicode char U+232A (decimal 9002)
   defining Unicode char U+2422 (decimal 9250)
   defining Unicode char U+25E6 (decimal 9702)
   defining Unicode char U+25EF (decimal 9711)
   defining Unicode char U+266A (decimal 9834)
))
LaTeX Info: Redefining \oldstylenums on input line 266.
Package textcomp Info: Setting cmr sub-encoding to TS1/0 on input line 281.
Package textcomp Info: Setting cmss sub-encoding to TS1/0 on input line 282.
Package textcomp Info: Setting cmtt sub-encoding to TS1/0 on input line 283.
Package textcomp Info: Setting cmvtt sub-encoding to TS1/0 on input line 284.
Package textcomp Info: Setting cmbr sub-encoding to TS1/0 on input line 285.
Package textcomp Info: Setting cmtl sub-encoding to TS1/0 on input line 286.
Package textcomp Info: Setting ccr sub-encoding to TS1/0 on input line 287.
Package textcomp Info: Setting ptm sub-encoding to TS1/4 on input line 288.
Package textcomp Info: Setting pcr sub-encoding to TS1/4 on input line 289.
Package textcomp Info: Setting phv sub-encoding to TS1/4 on input line 290.
Package textcomp Info: Setting ppl sub-encoding to TS1/3 on input line 291.
Package textcomp Info: Setting pag sub-encoding to TS1/4 on input line 292.
Package textcomp Info: Setting pbk sub-encoding to TS1/4 on input line 293.
Package textcomp Info: Setting pnc sub-encoding to TS1/4 on input line 294.
Package textcomp Info: Setting pzc sub-encoding to TS1/4 on input line 295.
Package textcomp Info: Setting bch sub-encoding to TS1/4 on input line 296.
Package textcomp Info: Setting put sub-encoding to TS1/5 on input line 297.
Package textcomp Info: Setting uag sub-encoding to TS1/5 on input line 298.
Package textcomp Info: Setting ugq sub-encoding to TS1/5 on input line 299.
Package textcomp Info: Setting ul8 sub-encoding to TS1/4 on input line 300.
Package textcomp Info: Setting ul9 sub-encoding to TS1/4 on input line 301.
Package textcomp Info: Setting augie sub-encoding to TS1/5 on input line 302.
Package textcomp Info: Setting dayrom sub-encoding to TS1/3 on input line 303.
Package textcomp Info: Setting dayroms sub-encoding to TS1/3 on input line 304.

Package textcomp Info: Setting pxr sub-encoding to TS1/0 on input line 305.
Package textcomp Info: Setting pxss sub-encoding to TS1/0 on input line 306.
Package textcomp Info: Setting pxtt sub-encoding to TS1/0 on input line 307.
Package textcomp Info: Setting txr sub-encoding to TS1/0 on input line 308.
Package textcomp Info: Setting txss sub-encoding to TS1/0 on input line 309.
Package textcomp Info: Setting txtt sub-encoding to TS1/0 on input line 310.
Package textcomp Info: Setting lmr sub-encoding to TS1/0 on input line 311.
Package textcomp Info: Setting lmdh sub-encoding to TS1/0 on input line 312.
Package textcomp Info: Setting lmss sub-encoding to TS1/0 on input line 313.
Package textcomp Info: Setting lmssq sub-encoding to TS1/0 on input line 314.
Package textcomp Info: Setting lmvtt sub-encoding to TS1/0 on input line 315.
Package textcomp Info: Setting qhv sub-encoding to TS1/0 on input line 316.
Package textcomp Info: Setting qag sub-encoding to TS1/0 on input line 317.
Package textcomp Info: Setting qbk sub-encoding to TS1/0 on input line 318.
Package textcomp Info: Setting qcr sub-encoding to TS1/0 on input line 319.
Package textcomp Info: Setting qcs sub-encoding to TS1/0 on input line 320.
Package textcomp Info: Setting qpl sub-encoding to TS1/0 on input line 321.
Package textcomp Info: Setting qtm sub-encoding to TS1/0 on input line 322.
Package textcomp Info: Setting qzc sub-encoding to TS1/0 on input line 323.
Package textcomp Info: Setting qhvc sub-encoding to TS1/0 on input line 324.
Package textcomp Info: Setting futs sub-encoding to TS1/4 on input line 325.
Package textcomp Info: Setting futx sub-encoding to TS1/4 on input line 326.
Package textcomp Info: Setting futj sub-encoding to TS1/4 on input line 327.
Package textcomp Info: Setting hlh sub-encoding to TS1/3 on input line 328.
Package textcomp Info: Setting hls sub-encoding to TS1/3 on input line 329.
Package textcomp Info: Setting hlst sub-encoding to TS1/3 on input line 330.
Package textcomp Info: Setting hlct sub-encoding to TS1/5 on input line 331.
Package textcomp Info: Setting hlx sub-encoding to TS1/5 on input line 332.
Package textcomp Info: Setting hlce sub-encoding to TS1/5 on input line 333.
Package textcomp Info: Setting hlcn sub-encoding to TS1/5 on input line 334.
Package textcomp Info: Setting hlcw sub-encoding to TS1/5 on input line 335.
Package textcomp Info: Setting hlcf sub-encoding to TS1/5 on input line 336.
Package textcomp Info: Setting pplx sub-encoding to TS1/3 on input line 337.
Package textcomp Info: Setting pplj sub-encoding to TS1/3 on input line 338.
Package textcomp Info: Setting ptmx sub-encoding to TS1/4 on input line 339.
Package textcomp Info: Setting ptmj sub-encoding to TS1/4 on input line 340.
)
(c:/texlive/2013/texmf-dist/tex/latex/listings/listings.sty
\lst@mode=\count102
\lst@gtempboxa=\box26
\lst@token=\toks19
\lst@length=\count103
\lst@currlwidth=\dimen110
\lst@column=\count104
\lst@pos=\count105
\lst@lostspace=\dimen111
\lst@width=\dimen112
\lst@newlines=\count106
\lst@lineno=\count107
\lst@maxwidth=\dimen113

(c:/texlive/2013/texmf-dist/tex/latex/listings/lstmisc.sty
File: lstmisc.sty 2007/02/22 1.4 (Carsten Heinz)
\c@lstnumber=\count108
\lst@skipnumbers=\count109
\lst@framebox=\box27
)
(c:/texlive/2013/texmf-dist/tex/latex/listings/listings.cfg
File: listings.cfg 2007/02/22 1.4 listings configuration
))
Package: listings 2007/02/22 1.4 (Carsten Heinz)
 (./mcode.sty
-- Package: `mcode' 2.4 <2013/11/05> --
Package: mcode 2013/11/05 2.4
 - settings optimized for display (colour formating)
 - framed listings
) (c:/texlive/2013/texmf-dist/tex/latex/changepage/chngpage.sty
Package: chngpage 2009/10/20 v1.2b change page layout
\c@cp@cnt=\count110
\c@cp@tempcnt=\count111
)
(c:/texlive/2013/texmf-dist/tex/latex/appendix/appendix.sty
Package: appendix 2009/09/02 v1.2b extra appendix facilities
\c@@pps=\count112
\c@@ppsavesec=\count113
\c@@ppsaveapp=\count114
)
(c:/texlive/2013/texmf-dist/tex/latex/acronym/acronym.sty
Package: acronym 2012/10/29 v1.38 Support for acronyms (Tobias Oetiker)

(c:/texlive/2013/texmf-dist/tex/latex/bigfoot/suffix.sty
Package: suffix 2006/07/15 1.5 Variant command support
)
(c:/texlive/2013/texmf-dist/tex/generic/xstring/xstring.sty
(c:/texlive/2013/texmf-dist/tex/generic/xstring/xstring.tex
\@xs@message=\write3
\integerpart=\count115
\decimalpart=\count116
)
Package: xstring 2013/2/28  v1.7a  String manipulations (C Tellechea)
)
\AC@clearlist=\toks20
)
(c:/texlive/2013/texmf-dist/tex/latex/tools/calc.sty
Package: calc 2007/08/22 v4.3 Infix arithmetic (KKT,FJ)
\calc@Acount=\count117
\calc@Bcount=\count118
\calc@Adimen=\dimen114
\calc@Bdimen=\dimen115
\calc@Askip=\skip47
\calc@Bskip=\skip48
LaTeX Info: Redefining \setlength on input line 76.
LaTeX Info: Redefining \addtolength on input line 77.
\calc@Ccount=\count119
\calc@Cskip=\skip49
)
(c:/texlive/2013/texmf-dist/tex/latex/layouts/layouts.sty
Package: layouts 2009/09/02 v2.6d graphical depiction of document elements
\l@ylen=\skip50
\layoutsbox=\box28
\l@youtunitlength=\skip51
\l@youtlinethick=\skip52
\l@youtlinethickii=\skip53
\l@ysetupparskip=\skip54
\l@ysetupbaselineskip=\skip55
\l@yonem=\skip56
\l@yonex=\skip57
\l@ylmarg=\skip58
\l@yrmarg=\skip59
\l@yitmindent=\skip60
\l@ylblwidth=\skip61
\l@ylblsep=\skip62
\l@ylparindent=\skip63
\l@ytsep=\skip64
\l@ypskip=\skip65
\l@yptsep=\skip66
\l@ypsep=\skip67
\l@yitmsep=\skip68
\l@ytok=\toks21
\l@youtpw=\count120
\l@youtph=\count121
\l@youthpi=\count122
\l@youthpii=\count123
\l@youthpiii=\count124
\l@youthpiv=\count125
\l@youthpv=\count126
\l@youthpvi=\count127
\l@youthpvii=\count128
\l@youtparskip=\count129
\l@youtvpi=\count130
\l@youtvpii=\count131
\l@youtvpiii=\count132
\l@youtvpiv=\count133
\l@youtvpv=\count134
\l@youtvpvi=\count135
\l@youtvpvii=\count136
\l@youthdo=\count137
\l@youthdi=\count138
\l@youthdii=\count139
\l@youthdiii=\count140
\l@youthdiv=\count141
\l@youthdv=\count142
\l@youthdvi=\count143
\l@youthdvii=\count144
\l@youtvdo=\count145
\l@youtvdi=\count146
\l@youtvdii=\count147
\l@youtvdiii=\count148
\l@youtvdiv=\count149
\l@youtvdv=\count150
\l@youtvdvi=\count151
\l@youtvdvii=\count152
\l@youtvdviii=\count153
\l@youtxci=\count154
\l@youtxcii=\count155
\l@youtxciii=\count156
\l@youtxciv=\count157
\l@youtxcv=\count158
\l@youtxcvi=\count159
\l@youtyci=\count160
\l@youtycii=\count161
\l@youtyciii=\count162
\l@youtyciv=\count163
\l@youtycv=\count164
\l@youtycvi=\count165
\l@youtycvii=\count166
\l@youtycviii=\count167
\l@youtxco=\count168
\l@youtyco=\count169
\l@ytempdima=\skip69
\stockwidth=\skip70
\stockheight=\skip71
\trimedge=\skip72
\trimtop=\skip73
\uppermargin=\skip74
\spinemargin=\skip75
)
(c:/texlive/2013/texmf-dist/tex/latex/float/float.sty
Package: float 2001/11/08 v1.3d Float enhancements (AL)
\c@float@type=\count170
\float@exts=\toks22
\float@box=\box29
\@float@everytoks=\toks23
\@floatcapt=\box30
)
(c:/texlive/2013/texmf-dist/tex/latex/placeins/placeins.sty
Package: placeins 2005/04/18  v 2.2
)
(c:/texlive/2013/texmf-dist/tex/latex/caption/caption.sty
Package: caption 2013/05/02 v3.3-89 Customizing captions (AR)

(c:/texlive/2013/texmf-dist/tex/latex/caption/caption3.sty
Package: caption3 2013/05/02 v1.6-88 caption3 kernel (AR)
Package caption3 Info: TeX engine: e-TeX on input line 57.
\captionmargin=\dimen116
\captionmargin@=\dimen117
\captionwidth=\dimen118
\caption@tempdima=\dimen119
\caption@indent=\dimen120
\caption@parindent=\dimen121
\caption@hangindent=\dimen122
)
\c@ContinuedFloat=\count171
Package caption Info: float package is loaded.
Package caption Info: hyperref package is loaded.
Package caption Info: listings package is loaded.
)
(c:/texlive/2013/texmf-dist/tex/latex/graphics/graphicx.sty
Package: graphicx 1999/02/16 v1.0f Enhanced LaTeX Graphics (DPC,SPQR)

(c:/texlive/2013/texmf-dist/tex/latex/graphics/graphics.sty
Package: graphics 2009/02/05 v1.0o Standard LaTeX Graphics (DPC,SPQR)

(c:/texlive/2013/texmf-dist/tex/latex/graphics/trig.sty
Package: trig 1999/03/16 v1.09 sin cos tan (DPC)
)
(c:/texlive/2013/texmf-dist/tex/latex/latexconfig/graphics.cfg
File: graphics.cfg 2010/04/23 v1.9 graphics configuration of TeX Live
)
Package graphics Info: Driver file: pdftex.def on input line 91.
)
\Gin@req@height=\dimen123
\Gin@req@width=\dimen124
)
(c:/texlive/2013/texmf-dist/tex/latex/tools/tabularx.sty
Package: tabularx 1999/01/07 v2.07 `tabularx' package (DPC)
\TX@col@width=\dimen125
\TX@old@table=\dimen126
\TX@old@col=\dimen127
\TX@target=\dimen128
\TX@delta=\dimen129
\TX@cols=\count172
\TX@ftn=\toks24
)
(c:/texlive/2013/texmf-dist/tex/latex/multirow/multirow.sty
\bigstrutjot=\dimen130
)
(c:/texlive/2013/texmf-dist/tex/latex/rotating/rotating.sty
Package: rotating 2009/03/28 v2.16a rotated objects in LaTeX

(c:/texlive/2013/texmf-dist/tex/latex/base/ifthen.sty
Package: ifthen 2001/05/26 v1.1c Standard LaTeX ifthen package (DPC)
)
\c@r@tfl@t=\count173
\rotFPtop=\skip76
\rotFPbot=\skip77
\rot@float@box=\box31
\rot@mess@toks=\toks25
)
(c:/texlive/2013/texmf-dist/tex/latex/units/units.sty
Package: units 1998/08/04 v0.9b Typesetting units

(c:/texlive/2013/texmf-dist/tex/latex/units/nicefrac.sty
Package: nicefrac 1998/08/04 v0.9b Nice fractions
\L@UnitsRaiseDisplaystyle=\skip78
\L@UnitsRaiseTextstyle=\skip79
\L@UnitsRaiseScriptstyle=\skip80
))
(c:/texlive/2013/texmf-dist/tex/latex/wrapfig/wrapfig.sty
\wrapoverhang=\dimen131
\WF@size=\dimen132
\c@WF@wrappedlines=\count174
\WF@box=\box32
\WF@everypar=\toks26
Package: wrapfig 2003/01/31  v 3.6
)
(c:/texlive/2013/texmf-dist/tex/latex/pdfpages/pdfpages.sty
Package: pdfpages 2012/08/31 v0.4t Insert pages of external PDF documents (AM)

(c:/texlive/2013/texmf-dist/tex/latex/eso-pic/eso-pic.sty
Package: eso-pic 2010/10/06 v2.0c eso-pic (RN)
)
(c:/texlive/2013/texmf-dist/tex/latex/pdfpages/pppdftex.def
File: pppdftex.def 2012/08/31 v0.4t Pdfpages driver for pdfTeX (AM)
)
\AM@pagebox=\box33
\AM@toc@title=\toks27
\c@AM@survey=\count175
\AM@templatesizebox=\box34
)
(c:/texlive/2013/texmf-dist/tex/latex/geometry/geometry.sty
Package: geometry 2010/09/12 v5.6 Page Geometry
\Gm@cnth=\count176
\Gm@cntv=\count177
\c@Gm@tempcnt=\count178
\Gm@bindingoffset=\dimen133
\Gm@wd@mp=\dimen134
\Gm@odd@mp=\dimen135
\Gm@even@mp=\dimen136
\Gm@layoutwidth=\dimen137
\Gm@layoutheight=\dimen138
\Gm@layouthoffset=\dimen139
\Gm@layoutvoffset=\dimen140
\Gm@dimlist=\toks28
)
(c:/texlive/2013/texmf-dist/tex/latex/csquotes/csquotes.sty
Package: csquotes 2011/10/22 v5.1d context-sensitive quotations

(c:/texlive/2013/texmf-dist/tex/latex/etoolbox/etoolbox.sty
Package: etoolbox 2011/01/03 v2.1 e-TeX tools for LaTeX

(c:/texlive/2013/texmf-dist/tex/latex/etex-pkg/etex.sty
Package: etex 1998/03/26 v2.0 eTeX basic definition package (PEB)
\et@xins=\count179
)
\etb@tempcnta=\count180
)
\csq@reset=\count181
\csq@gtype=\count182
\csq@glevel=\count183
\csq@qlevel=\count184
\csq@maxlvl=\count185
\csq@tshold=\count186
\csq@ltx@everypar=\toks29

(c:/texlive/2013/texmf-dist/tex/latex/csquotes/csquotes.def
File: csquotes.def 2011/10/22 v5.1d csquotes generic definitions
)
Package csquotes Info: Trying to load configuration file 'csquotes.cfg'...
Package csquotes Info: ... configuration file loaded successfully.

(c:/texlive/2013/texmf-dist/tex/latex/csquotes/csquotes.cfg
File: csquotes.cfg 
)
Package csquotes Info: Option 'babel' depreciated.
(csquotes)             Using 'autostyle'.
Package csquotes Info: Enabling multilingual quotes.
Package csquotes Info: Redefining alias 'german' -> 'german/quotes'.
)
(c:/texlive/2013/texmf-dist/tex/latex/psnfss/helvet.sty
Package: helvet 2005/04/12 PSNFSS-v9.2a (WaS) 
)
(c:/texlive/2013/texmf-dist/tex/latex/setspace/setspace.sty
Package: setspace 2011/12/19 v6.7a set line spacing
)
Package csquotes Info: Checking for multilingual support...
Package csquotes Info: ... found 'babel' package.


LaTeX Warning: Unused global option(s):
    [appendixprefix=true,listof=chapterentry].

(./Bachelorarbeit.aux)
\openout1 = `Bachelorarbeit.aux'.

LaTeX Font Info:    Checking defaults for OML/cmm/m/it on input line 72.
LaTeX Font Info:    ... okay on input line 72.
LaTeX Font Info:    Checking defaults for T1/cmr/m/n on input line 72.
LaTeX Font Info:    ... okay on input line 72.
LaTeX Font Info:    Checking defaults for OT1/cmr/m/n on input line 72.
LaTeX Font Info:    ... okay on input line 72.
LaTeX Font Info:    Checking defaults for OMS/cmsy/m/n on input line 72.
LaTeX Font Info:    ... okay on input line 72.
LaTeX Font Info:    Checking defaults for OMX/cmex/m/n on input line 72.
LaTeX Font Info:    ... okay on input line 72.
LaTeX Font Info:    Checking defaults for U/cmr/m/n on input line 72.
LaTeX Font Info:    ... okay on input line 72.
LaTeX Font Info:    Checking defaults for PD1/pdf/m/n on input line 72.
LaTeX Font Info:    ... okay on input line 72.
LaTeX Font Info:    Checking defaults for TS1/cmr/m/n on input line 72.
LaTeX Font Info:    Try loading font information for TS1+cmr on input line 72.
 (c:/texlive/2013/texmf-dist/tex/latex/base/ts1cmr.fd
File: ts1cmr.fd 1999/05/25 v2.5h Standard LaTeX font definitions
)
LaTeX Font Info:    ... okay on input line 72.


bibgerm.sty: babel.sty detected

\AtBeginShipoutBox=\box35

Package hyperref Warning: Height of page (\stockheight) is invalid (0.0pt),
(hyperref)                using 11in.

Package hyperref Info: Link coloring OFF on input line 72.
(c:/texlive/2013/texmf-dist/tex/latex/hyperref/nameref.sty
Package: nameref 2012/10/27 v2.43 Cross-referencing by name of section

(c:/texlive/2013/texmf-dist/tex/generic/oberdiek/gettitlestring.sty
Package: gettitlestring 2010/12/03 v1.4 Cleanup title references (HO)
)
\c@section@level=\count187
LaTeX Info: Redefining \Ref on input line 513.
)
LaTeX Info: Redefining \ref on input line 72.
LaTeX Info: Redefining \pageref on input line 72.
LaTeX Info: Redefining \nameref on input line 72.

(./Bachelorarbeit.out) (./Bachelorarbeit.out)
\@outlinefile=\write4
\openout4 = `Bachelorarbeit.out'.

LaTeX Info: Redefining \Ref on input line 72.

(c:/texlive/2013/texmf-dist/tex/context/base/supp-pdf.mkii
[Loading MPS to PDF converter (version 2006.09.02).]
\scratchcounter=\count188
\scratchdimen=\dimen141
\scratchbox=\box36
\nofMPsegments=\count189
\nofMParguments=\count190
\everyMPshowfont=\toks30
\MPscratchCnt=\count191
\MPscratchDim=\dimen142
\MPnumerator=\count192
\makeMPintoPDFobject=\count193
\everyMPtoPDFconversion=\toks31
)
\c@lstlisting=\count194


Package layouts Warning: Layout scale set to 0.5 on input line 72.

Package caption Info: Begin \AtBeginDocument code.
Package caption Info: rotating package is loaded.
Package caption Info: wrapfig package is loaded.
Package caption Info: End \AtBeginDocument code.
(c:/texlive/2013/texmf-dist/tex/latex/oberdiek/epstopdf-base.sty
Package: epstopdf-base 2010/02/09 v2.5 Base part for package epstopdf

(c:/texlive/2013/texmf-dist/tex/latex/oberdiek/grfext.sty
Package: grfext 2010/08/19 v1.1 Manage graphics extensions (HO)
)
Package grfext Info: Graphics extension search list:
(grfext)             [.png,.pdf,.jpg,.mps,.jpeg,.jbig2,.jb2,.PNG,.PDF,.JPG,.JPE
G,.JBIG2,.JB2,.eps]
(grfext)             \AppendGraphicsExtensions on input line 452.

(c:/texlive/2013/texmf-dist/tex/latex/latexconfig/epstopdf-sys.cfg
File: epstopdf-sys.cfg 2010/07/13 v1.3 Configuration of (r)epstopdf for TeX Liv
e
))
*geometry* driver: auto-detecting
*geometry* detected driver: pdftex
*geometry* verbose mode - [ preamble ] result:
* driver: pdftex
* paper: a4paper
* layout: <same size as paper>
* layoutoffset:(h,v)=(0.0pt,0.0pt)
* modes: 
* h-part:(L,W,R)=(71.13188pt, 455.24411pt, 71.13188pt)
* v-part:(T,H,B)=(71.13188pt, 688.5567pt, 85.35826pt)
* \paperwidth=597.50787pt
* \paperheight=845.04684pt
* \textwidth=455.24411pt
* \textheight=688.5567pt
* \oddsidemargin=-1.1381pt
* \evensidemargin=-1.1381pt
* \topmargin=-41.59085pt
* \headheight=12.0pt
* \headsep=28.45274pt
* \topskip=11.0pt
* \footskip=34.1433pt
* \marginparwidth=50.0pt
* \marginparsep=10.0pt
* \columnsep=10.0pt
* \skip\footins=10.0pt plus 4.0pt minus 2.0pt
* \hoffset=0.0pt
* \voffset=0.0pt
* \mag=1000
* \@twocolumnfalse
* \@twosidefalse
* \@mparswitchfalse
* \@reversemarginfalse
* (1in=72.27pt=25.4mm, 1cm=28.453pt)

(./title.tex
Package babel Info: Redefining ngerman shorthand "|
(babel)             in language append on input line 17.
Package babel Info: Redefining ngerman shorthand "~
(babel)             in language append on input line 17.
Package babel Info: Redefining ngerman shorthand "|
(babel)             in language append on input line 17.
Package babel Info: Redefining ngerman shorthand "~
(babel)             in language append on input line 17.
 [1

{c:/texlive/2013/texmf-var/fonts/map/pdftex/updmap/pdftex.map}]) (./abstract.te
x
Package babel Info: Redefining ngerman shorthand "|
(babel)             in language append on input line 3.
Package babel Info: Redefining ngerman shorthand "~
(babel)             in language append on input line 3.
Package babel Info: Redefining ngerman shorthand "|
(babel)             in language append on input line 3.
Package babel Info: Redefining ngerman shorthand "~
(babel)             in language append on input line 3.
pdfTeX warning (ext4): destination with the same identifier (name{page.1}) has 
been already used, duplicate ignored
<to be read again> 
                   \relax 
l.3 \end{abstract}
                   [1]) <task.pdf, id=166, page=1, 597.432pt x 844.5954pt>
File: task.pdf Graphic file (type pdf)

<use task.pdf, page 1>
Package pdftex.def Info: task.pdf, page1 used on input line 75.
(pdftex.def)             Requested size: 597.43054pt x 844.59334pt.
File: task.pdf Graphic file (type pdf)
 <use task.pdf, page 1>
Package pdftex.def Info: task.pdf, page1 used on input line 75.
(pdftex.def)             Requested size: 597.93192pt x 845.30214pt.
File: task.pdf Graphic file (type pdf)
 <use task.pdf, page 1>
Package pdftex.def Info: task.pdf, page1 used on input line 75.
(pdftex.def)             Requested size: 597.93192pt x 845.30214pt.
File: task.pdf Graphic file (type pdf)

<use task.pdf, page 1>
Package pdftex.def Info: task.pdf, page1 used on input line 75.
(pdftex.def)             Requested size: 597.93192pt x 845.30214pt.
Package babel Info: Redefining ngerman shorthand "|
(babel)             in language append on input line 75.
Package babel Info: Redefining ngerman shorthand "~
(babel)             in language append on input line 75.
Package babel Info: Redefining ngerman shorthand "|
(babel)             in language append on input line 75.
Package babel Info: Redefining ngerman shorthand "~
(babel)             in language append on input line 75.
pdfTeX warning (ext4): destination with the same identifier (name{page.1}) has 
been already used, duplicate ignored
<to be read again> 
                   \relax 
l.75 \includepdf[pages={1}]{task.pdf}
                                     
File: task.pdf Graphic file (type pdf)
 <use task.pdf, page 1>
Package pdftex.def Info: task.pdf, page1 used on input line 75.
(pdftex.def)             Requested size: 597.93192pt x 845.30214pt.
 [1 <./task.pdf>]
(./rechtserkl.tex
Underfull \hbox (badness 10000) in paragraph at lines 2--9

 []


Underfull \hbox (badness 10000) in paragraph at lines 12--19

 []


Underfull \hbox (badness 10000) in paragraph at lines 20--22

 []


Underfull \hbox (badness 10000) in paragraph at lines 23--24

 []

)
Package babel Info: Redefining ngerman shorthand "|
(babel)             in language append on input line 77.
Package babel Info: Redefining ngerman shorthand "~
(babel)             in language append on input line 77.
Package babel Info: Redefining ngerman shorthand "|
(babel)             in language append on input line 77.
Package babel Info: Redefining ngerman shorthand "~
(babel)             in language append on input line 77.
 [2] (./Bachelorarbeit.toc
LaTeX Font Info:    External font `cmex10' loaded for size
(Font)              <10.95> on input line 6.
LaTeX Font Info:    External font `cmex10' loaded for size
(Font)              <8> on input line 6.
LaTeX Font Info:    External font `cmex10' loaded for size
(Font)              <6> on input line 6.
Package babel Info: Redefining ngerman shorthand "|
(babel)             in language append on input line 33.
Package babel Info: Redefining ngerman shorthand "~
(babel)             in language append on input line 33.
Package babel Info: Redefining ngerman shorthand "|
(babel)             in language append on input line 33.
Package babel Info: Redefining ngerman shorthand "~
(babel)             in language append on input line 33.
 [3

])
\tf@toc=\write5
\openout5 = `Bachelorarbeit.toc'.

Package babel Info: Redefining ngerman shorthand "|
(babel)             in language append on input line 78.
Package babel Info: Redefining ngerman shorthand "~
(babel)             in language append on input line 78.
Package babel Info: Redefining ngerman shorthand "|
(babel)             in language append on input line 78.
Package babel Info: Redefining ngerman shorthand "~
(babel)             in language append on input line 78.
 [4] (./Bachelorarbeit.lof)
\tf@lof=\write6
\openout6 = `Bachelorarbeit.lof'.

Package babel Info: Redefining ngerman shorthand "|
(babel)             in language append on input line 79.
Package babel Info: Redefining ngerman shorthand "~
(babel)             in language append on input line 79.
Package babel Info: Redefining ngerman shorthand "|
(babel)             in language append on input line 79.
Package babel Info: Redefining ngerman shorthand "~
(babel)             in language append on input line 79.
 [5

]
(./Bachelorarbeit.lot)
\tf@lot=\write7
\openout7 = `Bachelorarbeit.lot'.

Package babel Info: Redefining ngerman shorthand "|
(babel)             in language append on input line 80.
Package babel Info: Redefining ngerman shorthand "~
(babel)             in language append on input line 80.
Package babel Info: Redefining ngerman shorthand "|
(babel)             in language append on input line 80.
Package babel Info: Redefining ngerman shorthand "~
(babel)             in language append on input line 80.
 [6

]
Package babel Info: Redefining ngerman shorthand "|
(babel)             in language append on input line 80.
Package babel Info: Redefining ngerman shorthand "~
(babel)             in language append on input line 80.
Package babel Info: Redefining ngerman shorthand "|
(babel)             in language append on input line 80.
Package babel Info: Redefining ngerman shorthand "~
(babel)             in language append on input line 80.
Package babel Info: Redefining ngerman shorthand "|
(babel)             in language append on input line 80.
Package babel Info: Redefining ngerman shorthand "~
(babel)             in language append on input line 80.
 [7

] (./introduction.tex)
Package babel Info: Redefining ngerman shorthand "|
(babel)             in language append on input line 82.
Package babel Info: Redefining ngerman shorthand "~
(babel)             in language append on input line 82.
Package babel Info: Redefining ngerman shorthand "|
(babel)             in language append on input line 82.
Package babel Info: Redefining ngerman shorthand "~
(babel)             in language append on input line 82.
 [8]
Package babel Info: Redefining ngerman shorthand "|
(babel)             in language append on input line 82.
Package babel Info: Redefining ngerman shorthand "~
(babel)             in language append on input line 82.
Package babel Info: Redefining ngerman shorthand "|
(babel)             in language append on input line 82.
Package babel Info: Redefining ngerman shorthand "~
(babel)             in language append on input line 82.
Package babel Info: Redefining ngerman shorthand "|
(babel)             in language append on input line 82.
Package babel Info: Redefining ngerman shorthand "~
(babel)             in language append on input line 82.
 [9

]
Kapitel 1.
Package babel Info: Redefining ngerman shorthand "|
(babel)             in language append on input line 83.
Package babel Info: Redefining ngerman shorthand "~
(babel)             in language append on input line 83.
(./weatherstation.tex
Package babel Info: Redefining ngerman shorthand "|
(babel)             in language append on input line 1.
Package babel Info: Redefining ngerman shorthand "~
(babel)             in language append on input line 1.


LaTeX Warning: Citation `HWKDoc' on page 10 undefined on input line 2.

<weatherstation/Datenuebersicht.jpg, id=298, 506.6428pt x 420.82219pt>
File: weatherstation/Datenuebersicht.jpg Graphic file (type jpg)

<use weatherstation/Datenuebersicht.jpg>
Package pdftex.def Info: weatherstation/Datenuebersicht.jpg used on input line 
5.
(pdftex.def)             Requested size: 329.31392pt x 273.53117pt.


LaTeX Warning: `h' float specifier changed to `ht'.

Package babel Info: Redefining ngerman shorthand "|
(babel)             in language append on input line 10.
Package babel Info: Redefining ngerman shorthand "~
(babel)             in language append on input line 10.
Package babel Info: Redefining ngerman shorthand "|
(babel)             in language append on input line 10.
Package babel Info: Redefining ngerman shorthand "~
(babel)             in language append on input line 10.
[10

]
Package babel Info: Redefining ngerman shorthand "|
(babel)             in language append on input line 10.
Package babel Info: Redefining ngerman shorthand "~
(babel)             in language append on input line 10.
Package babel Info: Redefining ngerman shorthand "|
(babel)             in language append on input line 11.
Package babel Info: Redefining ngerman shorthand "~
(babel)             in language append on input line 11.

<weatherstation/Empfaengerausrichtung.jpg, id=305, 619.5948pt x 274.1442pt>
File: weatherstation/Empfaengerausrichtung.jpg Graphic file (type jpg)

<use weatherstation/Empfaengerausrichtung.jpg>
Package pdftex.def Info: weatherstation/Empfaengerausrichtung.jpg used on input
 line 20.
(pdftex.def)             Requested size: 402.73186pt x 178.1916pt.
Package babel Info: Redefining ngerman shorthand "|
(babel)             in language append on input line 25.
Package babel Info: Redefining ngerman shorthand "~
(babel)             in language append on input line 25.
Package babel Info: Redefining ngerman shorthand "|
(babel)             in language append on input line 25.
Package babel Info: Redefining ngerman shorthand "~
(babel)             in language append on input line 25.
 [11 <./weatherstation/Datenuebersicht.jpg> <./weatherstation/Empfaengerausrich
tung.jpg>]
Package babel Info: Redefining ngerman shorthand "|
(babel)             in language append on input line 35.
Package babel Info: Redefining ngerman shorthand "~
(babel)             in language append on input line 35.

Underfull \hbox (badness 2799) in paragraph at lines 48--49
[]|\OT1/cmr/m/n/10.95 9 ist h[]ochste
 []


Overfull \hbox (5.97992pt too wide) in paragraph at lines 42--60
[][]
 []


Underfull \hbox (badness 10000) in paragraph at lines 63--63
\OT1/cmr/m/n/10.95 stel-len-pa-ra-me-ter-be-
 []


Overfull \hbox (18.6826pt too wide) in paragraph at lines 66--78
[][]
 []

Package babel Info: Redefining ngerman shorthand "|
(babel)             in language append on input line 78.
Package babel Info: Redefining ngerman shorthand "~
(babel)             in language append on input line 78.
Package babel Info: Redefining ngerman shorthand "|
(babel)             in language append on input line 78.
Package babel Info: Redefining ngerman shorthand "~
(babel)             in language append on input line 78.
[12])
Package babel Info: Redefining ngerman shorthand "|
(babel)             in language append on input line 85.
Package babel Info: Redefining ngerman shorthand "~
(babel)             in language append on input line 85.
Package babel Info: Redefining ngerman shorthand "|
(babel)             in language append on input line 85.
Package babel Info: Redefining ngerman shorthand "~
(babel)             in language append on input line 85.
 [13]
Kapitel 2.
Package babel Info: Redefining ngerman shorthand "|
(babel)             in language append on input line 85.
Package babel Info: Redefining ngerman shorthand "~
(babel)             in language append on input line 85.
(./modbusprot.tex <modbus/prinzip.jpg, id=329, 735.49782pt x 219.82124pt>
File: modbus/prinzip.jpg Graphic file (type jpg)

<use modbus/prinzip.jpg>
Package pdftex.def Info: modbus/prinzip.jpg used on input line 4.
(pdftex.def)             Requested size: 478.06793pt x 142.8821pt.

Overfull \hbox (22.82382pt too wide) in paragraph at lines 4--5
 [][] 
 []

Package babel Info: Redefining ngerman shorthand "|
(babel)             in language append on input line 8.
Package babel Info: Redefining ngerman shorthand "~
(babel)             in language append on input line 8.
Package babel Info: Redefining ngerman shorthand "|
(babel)             in language append on input line 16.
Package babel Info: Redefining ngerman shorthand "~
(babel)             in language append on input line 16.
Package babel Info: Redefining ngerman shorthand "|
(babel)             in language append on input line 16.
Package babel Info: Redefining ngerman shorthand "~
(babel)             in language append on input line 16.
[14

 <./modbus/prinzip.jpg>]
Package babel Info: Redefining ngerman shorthand "|
(babel)             in language append on input line 16.
Package babel Info: Redefining ngerman shorthand "~
(babel)             in language append on input line 16.

<modbus/ADUPDU.jpg, id=337, 570.4512pt x 128.6406pt>
File: modbus/ADUPDU.jpg Graphic file (type jpg)
 <use modbus/ADUPDU.jpg>
Package pdftex.def Info: modbus/ADUPDU.jpg used on input line 20.
(pdftex.def)             Requested size: 370.78888pt x 83.61539pt.
Package babel Info: Redefining ngerman shorthand "|
(babel)             in language append on input line 31.
Package babel Info: Redefining ngerman shorthand "~
(babel)             in language append on input line 31.
Package babel Info: Redefining ngerman shorthand "|
(babel)             in language append on input line 54.
Package babel Info: Redefining ngerman shorthand "~
(babel)             in language append on input line 54.
Package babel Info: Redefining ngerman shorthand "|
(babel)             in language append on input line 54.
Package babel Info: Redefining ngerman shorthand "~
(babel)             in language append on input line 54.

[15 <./modbus/ADUPDU.jpg>]
Package babel Info: Redefining ngerman shorthand "|
(babel)             in language append on input line 54.
Package babel Info: Redefining ngerman shorthand "~
(babel)             in language append on input line 54.
Package babel Info: Redefining ngerman shorthand "|
(babel)             in language append on input line 56.
Package babel Info: Redefining ngerman shorthand "~
(babel)             in language append on input line 56.

Underfull \hbox (badness 4391) in paragraph at lines 70--71
[]|\OT1/cmr/m/n/10.95 H-Byte 0x00 L-Byte 0x00 (0x0000 bis
 []


Overfull \hbox (4.47575pt too wide) in paragraph at lines 64--79
[][]
 []


Underfull \hbox (badness 4391) in paragraph at lines 92--93
[]|\OT1/cmr/m/n/10.95 H-Byte 0x00 L-Byte 0x70 (0x0000 bis
 []


Underfull \hbox (badness 4391) in paragraph at lines 93--94
[]|\OT1/cmr/m/n/10.95 H-Byte 0x01 L-Byte 0x61 (0x0000 bis
 []


Overfull \hbox (4.47575pt too wide) in paragraph at lines 86--101
[][]
 []


Underfull \hbox (badness 1742) in paragraph at lines 113--114
[]|\OT1/cmr/m/n/10.95 H-Byte 0x00 L-Byte 0x00 (0x0000 bis
 []


Overfull \hbox (4.96658pt too wide) in paragraph at lines 107--122
[][]
 []

Package babel Info: Redefining ngerman shorthand "|
(babel)             in language append on input line 124.
Package babel Info: Redefining ngerman shorthand "~
(babel)             in language append on input line 124.
Package babel Info: Redefining ngerman shorthand "|
(babel)             in language append on input line 124.
Package babel Info: Redefining ngerman shorthand "~
(babel)             in language append on input line 124.
[16]
Package babel Info: Redefining ngerman shorthand "|
(babel)             in language append on input line 124.
Package babel Info: Redefining ngerman shorthand "~
(babel)             in language append on input line 124.
Package babel Info: Redefining ngerman shorthand "|
(babel)             in language append on input line 124.
Package babel Info: Redefining ngerman shorthand "~
(babel)             in language append on input line 124.
 [17])
Package babel Info: Redefining ngerman shorthand "|
(babel)             in language append on input line 87.
Package babel Info: Redefining ngerman shorthand "~
(babel)             in language append on input line 87.
Package babel Info: Redefining ngerman shorthand "|
(babel)             in language append on input line 87.
Package babel Info: Redefining ngerman shorthand "~
(babel)             in language append on input line 87.
 [18]
Kapitel 3.
Package babel Info: Redefining ngerman shorthand "|
(babel)             in language append on input line 87.
Package babel Info: Redefining ngerman shorthand "~
(babel)             in language append on input line 87.
(./Aufbau_und_Dok_FC.tex
Package babel Info: Redefining ngerman shorthand "|
(babel)             in language append on input line 1.
Package babel Info: Redefining ngerman shorthand "~
(babel)             in language append on input line 1.

<programm/flowchart.jpg, id=368, 364.36125pt x 518.6878pt>
File: programm/flowchart.jpg Graphic file (type jpg)

<use programm/flowchart.jpg>
Package pdftex.def Info: programm/flowchart.jpg used on input line 15.
(pdftex.def)             Requested size: 364.36035pt x 518.68654pt.
Package babel Info: Redefining ngerman shorthand "|
(babel)             in language append on input line 22.
Package babel Info: Redefining ngerman shorthand "~
(babel)             in language append on input line 22.
Package babel Info: Redefining ngerman shorthand "|
(babel)             in language append on input line 22.
Package babel Info: Redefining ngerman shorthand "~
(babel)             in language append on input line 22.
 [19

]
Package babel Info: Redefining ngerman shorthand "|
(babel)             in language append on input line 22.
Package babel Info: Redefining ngerman shorthand "~
(babel)             in language append on input line 22.
Package babel Info: Redefining ngerman shorthand "|
(babel)             in language append on input line 22.
Package babel Info: Redefining ngerman shorthand "~
(babel)             in language append on input line 22.
 [20 <./programm/flowchart.jpg>]
<programm/funkaufruf.jpg, id=378, 679.78969pt x 53.44969pt>
File: programm/funkaufruf.jpg Graphic file (type jpg)

<use programm/funkaufruf.jpg>
Package pdftex.def Info: programm/funkaufruf.jpg used on input line 32.
(pdftex.def)             Requested size: 475.84953pt x 37.4145pt.

Overfull \hbox (20.60542pt too wide) in paragraph at lines 32--33
 [][] 
 []

Package babel Info: Redefining ngerman shorthand "|
(babel)             in language append on input line 36.
Package babel Info: Redefining ngerman shorthand "~
(babel)             in language append on input line 36.
Package babel Info: Redefining ngerman shorthand "|
(babel)             in language append on input line 37.
Package babel Info: Redefining ngerman shorthand "~
(babel)             in language append on input line 37.
Package babel Info: Redefining ngerman shorthand "|
(babel)             in language append on input line 38.
Package babel Info: Redefining ngerman shorthand "~
(babel)             in language append on input line 38.
Package babel Info: Redefining ngerman shorthand "|
(babel)             in language append on input line 38.
Package babel Info: Redefining ngerman shorthand "~
(babel)             in language append on input line 38.
[21 <./programm/funkaufruf.jpg>]
Package hyperref Info: bookmark level for unknown lstlisting defaults to 0 on i
nput line 38.
LaTeX Font Info:    Try loading font information for OT1+pcr on input line 38.

(c:/texlive/2013/texmf-dist/tex/latex/psnfss/ot1pcr.fd
File: ot1pcr.fd 2001/06/04 font definitions for OT1/pcr.
)
(./programm/forecastdata.m
LaTeX Font Info:    Try loading font information for OML+pcr on input line 70.

(c:/texlive/2013/texmf-dist/tex/latex/psnfss/omlpcr.fd
File: omlpcr.fd 
)
LaTeX Font Info:    Font shape `OML/pcr/m/n' in size <9> not available
(Font)              Font shape `OML/cmm/m/it' tried instead on input line 70.
LaTeX Font Info:    Try loading font information for TS1+pcr on input line 71.

(c:/texlive/2013/texmf-dist/tex/latex/psnfss/ts1pcr.fd
File: ts1pcr.fd 2001/06/04 font definitions for TS1/pcr.
)
LaTeX Font Info:    External font `cmex10' loaded for size
(Font)              <9> on input line 71.
LaTeX Font Info:    External font `cmex10' loaded for size
(Font)              <5> on input line 71.
LaTeX Font Info:    Try loading font information for OMS+pcr on input line 72.

(c:/texlive/2013/texmf-dist/tex/latex/psnfss/omspcr.fd
File: omspcr.fd 
)
LaTeX Font Info:    Font shape `OMS/pcr/m/n' in size <9> not available
(Font)              Font shape `OMS/cmsy/m/n' tried instead on input line 72.
Package babel Info: Redefining ngerman shorthand "|
(babel)             in language append on input line 116.
Package babel Info: Redefining ngerman shorthand "~
(babel)             in language append on input line 116.
Package babel Info: Redefining ngerman shorthand "|
(babel)             in language append on input line 116.
Package babel Info: Redefining ngerman shorthand "~
(babel)             in language append on input line 116.
 [22])
Package babel Info: Redefining ngerman shorthand "|
(babel)             in language append on input line 40.
Package babel Info: Redefining ngerman shorthand "~
(babel)             in language append on input line 40.

(./programm/forecastdata.m)
Package babel Info: Redefining ngerman shorthand "|
(babel)             in language append on input line 43.
Package babel Info: Redefining ngerman shorthand "~
(babel)             in language append on input line 43.
Package babel Info: Redefining ngerman shorthand "|
(babel)             in language append on input line 43.
Package babel Info: Redefining ngerman shorthand "~
(babel)             in language append on input line 43.
 [23]
Package babel Info: Redefining ngerman shorthand "|
(babel)             in language append on input line 43.
Package babel Info: Redefining ngerman shorthand "~
(babel)             in language append on input line 43.
 (./programm/forecastdata.m)
(./programm/inputcheck.m)
Overfull \hbox (3.76056pt too wide) in paragraph at lines 1--46
[][][][][][][][][][][][][][][][][][][][][][][][][][][][][][][][][][][][][][] 
 []

LaTeX Font Info:    Try loading font information for OT1+phv on input line 47.
(c:/texlive/2013/texmf-dist/tex/latex/psnfss/ot1phv.fd
File: ot1phv.fd 2001/06/04 scalable font definitions for OT1/phv.
)
LaTeX Font Info:    Font shape `OT1/phv/m/n' will be
(Font)              scaled to size 10.40245pt on input line 47.

(./programm/inputcheck.m
Package babel Info: Redefining ngerman shorthand "|
(babel)             in language append on input line 4.
Package babel Info: Redefining ngerman shorthand "~
(babel)             in language append on input line 4.
Package babel Info: Redefining ngerman shorthand "|
(babel)             in language append on input line 4.
Package babel Info: Redefining ngerman shorthand "~
(babel)             in language append on input line 4.
 [24]) (./programm/getcityid.m)
(./programm/inputcheck.m
Package babel Info: Redefining ngerman shorthand "|
(babel)             in language append on input line 23.
Package babel Info: Redefining ngerman shorthand "~
(babel)             in language append on input line 23.
Package babel Info: Redefining ngerman shorthand "|
(babel)             in language append on input line 23.
Package babel Info: Redefining ngerman shorthand "~
(babel)             in language append on input line 23.
 [25]
Overfull \hbox (3.76056pt too wide) in paragraph at lines 37--38
[][][][][][][][][][][][][][][][][][][][][][][][][][][][][][][][][][][][][][][][
][][][][][][][][][][][][][][][][][][] 
 []


Overfull \hbox (3.76056pt too wide) in paragraph at lines 59--60
[][][][][][][][][][][][][][][][][][][][][][][][][][][][][][][][][][][][][][][][
][][][][][][][][][][][][][][] 
 []

) (./programm/inputcheck.m
Package babel Info: Redefining ngerman shorthand "|
(babel)             in language append on input line 69.
Package babel Info: Redefining ngerman shorthand "~
(babel)             in language append on input line 69.
Package babel Info: Redefining ngerman shorthand "|
(babel)             in language append on input line 69.
Package babel Info: Redefining ngerman shorthand "~
(babel)             in language append on input line 69.
 [26]) (./programm/inputcheck.m
Package babel Info: Redefining ngerman shorthand "|
(babel)             in language append on input line 114.
Package babel Info: Redefining ngerman shorthand "~
(babel)             in language append on input line 114.
Package babel Info: Redefining ngerman shorthand "|
(babel)             in language append on input line 114.
Package babel Info: Redefining ngerman shorthand "~
(babel)             in language append on input line 114.
 [27])
Package babel Info: Redefining ngerman shorthand "|
(babel)             in language append on input line 58.
Package babel Info: Redefining ngerman shorthand "~
(babel)             in language append on input line 58.

(./programm/forecastdata.m)
Package babel Info: Redefining ngerman shorthand "|
(babel)             in language append on input line 61.
Package babel Info: Redefining ngerman shorthand "~
(babel)             in language append on input line 61.
Package babel Info: Redefining ngerman shorthand "|
(babel)             in language append on input line 61.
Package babel Info: Redefining ngerman shorthand "~
(babel)             in language append on input line 61.
 [28]
Package babel Info: Redefining ngerman shorthand "|
(babel)             in language append on input line 61.
Package babel Info: Redefining ngerman shorthand "~
(babel)             in language append on input line 61.
 (./programm/forecastdata.m)
(./programm/openserialport.m)
Package babel Info: Redefining ngerman shorthand "|
(babel)             in language append on input line 66.
Package babel Info: Redefining ngerman shorthand "~
(babel)             in language append on input line 66.
 (./programm/forecastdata.m
Package babel Info: Redefining ngerman shorthand "|
(babel)             in language append on input line 203.
Package babel Info: Redefining ngerman shorthand "~
(babel)             in language append on input line 203.
Package babel Info: Redefining ngerman shorthand "|
(babel)             in language append on input line 203.
Package babel Info: Redefining ngerman shorthand "~
(babel)             in language append on input line 203.
 [29]
Overfull \hbox (30.76083pt too wide) in paragraph at lines 204--205
[][][][][][][][][][][][][][][][][][][][][][][][][][][][][][][][][][][][][][][][
][][][][][][][][][][][][][][][][][][][][][][][][][][][][][][][][][][][][][][][]
[][][][][][][][][][][][][] 
 []


Overfull \hbox (41.56094pt too wide) in paragraph at lines 216--217
[][][][][][][][][][][][][][][][][][][][][][][][][][][][][][][][][][][][][][][][
][][][][][][][][][][][][][][][][][][][][][][][][][][][][][][][][][][][][][][][]
 
 []

)
Package babel Info: Redefining ngerman shorthand "|
(babel)             in language append on input line 69.
Package babel Info: Redefining ngerman shorthand "~
(babel)             in language append on input line 69.
 (./programm/forecastdata.m
Package babel Info: Redefining ngerman shorthand "|
(babel)             in language append on input line 245.
Package babel Info: Redefining ngerman shorthand "~
(babel)             in language append on input line 245.
Package babel Info: Redefining ngerman shorthand "|
(babel)             in language append on input line 245.
Package babel Info: Redefining ngerman shorthand "~
(babel)             in language append on input line 245.
 [30]) (./programm/forecastdata.m
Overfull \hbox (397.96457pt too wide) in paragraph at lines 281--282
[][][][][][][][][][][][][][][][][][][][][][][][][][][][][][][][][][][][][][][][
] 
 []

)
Package babel Info: Redefining ngerman shorthand "|
(babel)             in language append on input line 74.
Package babel Info: Redefining ngerman shorthand "~
(babel)             in language append on input line 74.
Package babel Info: Redefining ngerman shorthand "|
(babel)             in language append on input line 74.
Package babel Info: Redefining ngerman shorthand "~
(babel)             in language append on input line 74.
 [31] (./programm/stoptimer.m
Overfull \hbox (41.56094pt too wide) in paragraph at lines 2--3
[][][][][][][][][][][][][][][][][][][][][][][][][][][][][][][][][][][][][][][][
][][][][][][][][][][][][][][][][][][][][][][][][][][][][][][][][][][][][][][] 
 []

)
Package babel Info: Redefining ngerman shorthand "|
(babel)             in language append on input line 76.
Package babel Info: Redefining ngerman shorthand "~
(babel)             in language append on input line 76.
 (./programm/sendloop.m) (./programm/sendloop.m
Package babel Info: Redefining ngerman shorthand "|
(babel)             in language append on input line 8.
Package babel Info: Redefining ngerman shorthand "~
(babel)             in language append on input line 8.
Package babel Info: Redefining ngerman shorthand "|
(babel)             in language append on input line 8.
Package babel Info: Redefining ngerman shorthand "~
(babel)             in language append on input line 8.
 [32]) (./programm/sendloop.m
Package babel Info: Redefining ngerman shorthand "|
(babel)             in language append on input line 48.
Package babel Info: Redefining ngerman shorthand "~
(babel)             in language append on input line 48.
Package babel Info: Redefining ngerman shorthand "|
(babel)             in language append on input line 48.
Package babel Info: Redefining ngerman shorthand "~
(babel)             in language append on input line 48.

[33])
Package babel Info: Redefining ngerman shorthand "|
(babel)             in language append on input line 83.
Package babel Info: Redefining ngerman shorthand "~
(babel)             in language append on input line 83.
Package babel Info: Redefining ngerman shorthand "|
(babel)             in language append on input line 83.
Package babel Info: Redefining ngerman shorthand "~
(babel)             in language append on input line 83.
 [34] (./programm/sendloop.m
Overfull \hbox (3.76056pt too wide) in paragraph at lines 96--97
[][][][][][][][][][][][][][][][][][][][][][] 
 []

) (./programm/sendloop.m
Package babel Info: Redefining ngerman shorthand "|
(babel)             in language append on input line 127.
Package babel Info: Redefining ngerman shorthand "~
(babel)             in language append on input line 127.
Package babel Info: Redefining ngerman shorthand "|
(babel)             in language append on input line 127.
Package babel Info: Redefining ngerman shorthand "~
(babel)             in language append on input line 127.
 [35])
Package babel Info: Redefining ngerman shorthand "|
(babel)             in language append on input line 87.
Package babel Info: Redefining ngerman shorthand "~
(babel)             in language append on input line 87.
 (./programm/sendandreceivedata.m)
Package babel Info: Redefining ngerman shorthand "|
(babel)             in language append on input line 88.
Package babel Info: Redefining ngerman shorthand "~
(babel)             in language append on input line 88.
Package babel Info: Redefining ngerman shorthand "|
(babel)             in language append on input line 88.
Package babel Info: Redefining ngerman shorthand "~
(babel)             in language append on input line 88.
 [36]
(./programm/formatmodbusmsg.m)
Package babel Info: Redefining ngerman shorthand "|
(babel)             in language append on input line 92.
Package babel Info: Redefining ngerman shorthand "~
(babel)             in language append on input line 92.
 (./programm/rxdataprocessing.m
Overfull \hbox (14.56067pt too wide) in paragraph at lines 2--3
[][][][][][][][][][][][][][][][][][][][][][][][][][][][] 
 []

)
Package babel Info: Redefining ngerman shorthand "|
(babel)             in language append on input line 99.
Package babel Info: Redefining ngerman shorthand "~
(babel)             in language append on input line 99.
Package babel Info: Redefining ngerman shorthand "|
(babel)             in language append on input line 99.
Package babel Info: Redefining ngerman shorthand "~
(babel)             in language append on input line 99.
 [37] (./programm/rxdataprocessing.m) (./programm/fcodecheck.m
Package babel Info: Redefining ngerman shorthand "|
(babel)             in language append on input line 11.
Package babel Info: Redefining ngerman shorthand "~
(babel)             in language append on input line 11.
Package babel Info: Redefining ngerman shorthand "|
(babel)             in language append on input line 11.
Package babel Info: Redefining ngerman shorthand "~
(babel)             in language append on input line 11.
 [38])
(./programm/rxdataprocessing.m)
Package babel Info: Redefining ngerman shorthand "|
(babel)             in language append on input line 108.
Package babel Info: Redefining ngerman shorthand "~
(babel)             in language append on input line 108.
 (./programm/dataprocessing.m)
Overfull \hbox (3.76056pt too wide) in paragraph at lines 1--109
[][][][][][][][][][][][][][][][][][][][][][][][][][][][][][][][][] 
 []

Package babel Info: Redefining ngerman shorthand "|
(babel)             in language append on input line 111.
Package babel Info: Redefining ngerman shorthand "~
(babel)             in language append on input line 111.
Package babel Info: Redefining ngerman shorthand "|
(babel)             in language append on input line 111.
Package babel Info: Redefining ngerman shorthand "~
(babel)             in language append on input line 111.
[39] (./programm/dataprocessing.m) (./programm/dataprocessing.m
Overfull \hbox (3.76056pt too wide) in paragraph at lines 40--42
[][][][][][][][][][][][][][][][][][][][] 
 []

)
Package babel Info: Redefining ngerman shorthand "|
(babel)             in language append on input line 113.
Package babel Info: Redefining ngerman shorthand "~
(babel)             in language append on input line 113.
Package babel Info: Redefining ngerman shorthand "|
(babel)             in language append on input line 113.
Package babel Info: Redefining ngerman shorthand "~
(babel)             in language append on input line 113.
 [40] (./programm/dataprocessing.m)
Package babel Info: Redefining ngerman shorthand "|
(babel)             in language append on input line 117.
Package babel Info: Redefining ngerman shorthand "~
(babel)             in language append on input line 117.
Package babel Info: Redefining ngerman shorthand "|
(babel)             in language append on input line 117.
Package babel Info: Redefining ngerman shorthand "~
(babel)             in language append on input line 117.
 [41] (./programm/dataprocessing.m)
Package babel Info: Redefining ngerman shorthand "|
(babel)             in language append on input line 119.
Package babel Info: Redefining ngerman shorthand "~
(babel)             in language append on input line 119.
Package babel Info: Redefining ngerman shorthand "|
(babel)             in language append on input line 119.
Package babel Info: Redefining ngerman shorthand "~
(babel)             in language append on input line 119.

[42] (./programm/dataprocessing.m
Package babel Info: Redefining ngerman shorthand "|
(babel)             in language append on input line 166.
Package babel Info: Redefining ngerman shorthand "~
(babel)             in language append on input line 166.
Package babel Info: Redefining ngerman shorthand "|
(babel)             in language append on input line 166.
Package babel Info: Redefining ngerman shorthand "~
(babel)             in language append on input line 166.
 [43]) (./programm/dataprocessing.m
Package babel Info: Redefining ngerman shorthand "|
(babel)             in language append on input line 206.
Package babel Info: Redefining ngerman shorthand "~
(babel)             in language append on input line 206.
Package babel Info: Redefining ngerman shorthand "|
(babel)             in language append on input line 206.
Package babel Info: Redefining ngerman shorthand "~
(babel)             in language append on input line 206.
 [44])
Overfull \hbox (19.07396pt too wide) in paragraph at lines 122--123
\OT1/cmr/m/n/10.95 Hexadezimal- in das De-zi-mal-for-mat kon-ver-tiert wer-den 
m[]ussen. F[]ur die Unix-Zeitstempelberechnung
 []

(./programm/dataprocessing.m
Package babel Info: Redefining ngerman shorthand "|
(babel)             in language append on input line 242.
Package babel Info: Redefining ngerman shorthand "~
(babel)             in language append on input line 242.
Package babel Info: Redefining ngerman shorthand "|
(babel)             in language append on input line 242.
Package babel Info: Redefining ngerman shorthand "~
(babel)             in language append on input line 242.
 [45]
Package babel Info: Redefining ngerman shorthand "|
(babel)             in language append on input line 294.
Package babel Info: Redefining ngerman shorthand "~
(babel)             in language append on input line 294.
Package babel Info: Redefining ngerman shorthand "|
(babel)             in language append on input line 294.
Package babel Info: Redefining ngerman shorthand "~
(babel)             in language append on input line 294.
 [46]) (./programm/dataprocessing.m)
(./programm/dataprocessing.m)
Package babel Info: Redefining ngerman shorthand "|
(babel)             in language append on input line 140.
Package babel Info: Redefining ngerman shorthand "~
(babel)             in language append on input line 140.
Package babel Info: Redefining ngerman shorthand "|
(babel)             in language append on input line 140.
Package babel Info: Redefining ngerman shorthand "~
(babel)             in language append on input line 140.
 [47] (./programm/dataprocessing.m)
(./programm/dataprocessing.m
Package babel Info: Redefining ngerman shorthand "|
(babel)             in language append on input line 354.
Package babel Info: Redefining ngerman shorthand "~
(babel)             in language append on input line 354.
Package babel Info: Redefining ngerman shorthand "|
(babel)             in language append on input line 354.
Package babel Info: Redefining ngerman shorthand "~
(babel)             in language append on input line 354.
 [48]) (./programm/dataprocessing.m
Package babel Info: Redefining ngerman shorthand "|
(babel)             in language append on input line 396.
Package babel Info: Redefining ngerman shorthand "~
(babel)             in language append on input line 396.
Package babel Info: Redefining ngerman shorthand "|
(babel)             in language append on input line 396.
Package babel Info: Redefining ngerman shorthand "~
(babel)             in language append on input line 396.
 [49]
Overfull \hbox (3.76056pt too wide) in paragraph at lines 423--424
[][][][][][][][][][][][][][][][][][][][][][][] 
 []

) (./programm/dataprocessing.m
Package babel Info: Redefining ngerman shorthand "|
(babel)             in language append on input line 444.
Package babel Info: Redefining ngerman shorthand "~
(babel)             in language append on input line 444.
Package babel Info: Redefining ngerman shorthand "|
(babel)             in language append on input line 444.
Package babel Info: Redefining ngerman shorthand "~
(babel)             in language append on input line 444.
 [50]
Overfull \hbox (3.76056pt too wide) in paragraph at lines 463--464
[][][][][][][][][][][][][][][][][][][][][][][][][][][][][][][][][][][][][][][][
][][][][][][][][][][][][][][][][][][][] 
 []


Overfull \hbox (9.16061pt too wide) in paragraph at lines 486--487
[][][][][][][][][][][][][][][][][][][][][] 
 []

)
Package babel Info: Redefining ngerman shorthand "|
(babel)             in language append on input line 148.
Package babel Info: Redefining ngerman shorthand "~
(babel)             in language append on input line 148.
Package babel Info: Redefining ngerman shorthand "|
(babel)             in language append on input line 148.
Package babel Info: Redefining ngerman shorthand "~
(babel)             in language append on input line 148.
 [51] (./programm/dataprocessing.m)
Overfull \hbox (1.07848pt too wide) in paragraph at lines 159--159
\OT1/cmr/bx/n/10.95 zeitpunkt 
 []


Overfull \hbox (0.60089pt too wide) in paragraph at lines 159--159
[]|\OT1/cmr/bx/n/10.95 00:00:00-
 []


Overfull \hbox (0.60089pt too wide) in paragraph at lines 159--159
[]|\OT1/cmr/bx/n/10.95 06:00:00-
 []


Overfull \hbox (0.60089pt too wide) in paragraph at lines 159--159
[]|\OT1/cmr/bx/n/10.95 12:00:00-
 []


Overfull \hbox (0.60089pt too wide) in paragraph at lines 159--159
[]|\OT1/cmr/bx/n/10.95 18:00:00-
 []


Overfull \hbox (25.31737pt too wide) in paragraph at lines 155--181
 [] 
 []

Package babel Info: Redefining ngerman shorthand "|
(babel)             in language append on input line 185.
Package babel Info: Redefining ngerman shorthand "~
(babel)             in language append on input line 185.
Package babel Info: Redefining ngerman shorthand "|
(babel)             in language append on input line 185.
Package babel Info: Redefining ngerman shorthand "~
(babel)             in language append on input line 185.
[52]
Package babel Info: Redefining ngerman shorthand "|
(babel)             in language append on input line 185.
Package babel Info: Redefining ngerman shorthand "~
(babel)             in language append on input line 185.
)
Package babel Info: Redefining ngerman shorthand "|
(babel)             in language append on input line 89.
Package babel Info: Redefining ngerman shorthand "~
(babel)             in language append on input line 89.
Package babel Info: Redefining ngerman shorthand "|
(babel)             in language append on input line 89.
Package babel Info: Redefining ngerman shorthand "~
(babel)             in language append on input line 89.
 [53]
Kapitel 4.
Package babel Info: Redefining ngerman shorthand "|
(babel)             in language append on input line 89.
Package babel Info: Redefining ngerman shorthand "~
(babel)             in language append on input line 89.
(./analyse.tex
<analyse/sonnensdauer2.jpg, id=1715, 1106.63437pt x 621.82312pt>
File: analyse/sonnensdauer2.jpg Graphic file (type jpg)

<use analyse/sonnensdauer2.jpg>
Package pdftex.def Info: analyse/sonnensdauer2.jpg used on input line 3.
(pdftex.def)             Requested size: 455.24275pt x 284.52399pt.

<analyse/globalstr2.jpg, id=1716, 1110.39844pt x 624.08156pt>
File: analyse/globalstr2.jpg Graphic file (type jpg)

<use analyse/globalstr2.jpg>
Package pdftex.def Info: analyse/globalstr2.jpg used on input line 10.
(pdftex.def)             Requested size: 455.24937pt x 284.52892pt.

<analyse/niedersmenge2.jpg, id=1717, 1090.82532pt x 622.57594pt>
File: analyse/niedersmenge2.jpg Graphic file (type jpg)

<use analyse/niedersmenge2.jpg>
Package pdftex.def Info: analyse/niedersmenge2.jpg used on input line 16.
(pdftex.def)             Requested size: 455.24734pt x 284.52646pt.

<analyse/windstaerke2.jpg, id=1718, 1111.15125pt x 621.82312pt>
File: analyse/windstaerke2.jpg Graphic file (type jpg)

<use analyse/windstaerke2.jpg>
Package pdftex.def Info: analyse/windstaerke2.jpg used on input line 22.
(pdftex.def)             Requested size: 455.25282pt x 284.52399pt.

<analyse/mittlufttemp2.jpg, id=1719, 1105.12875pt x 629.35126pt>
File: analyse/mittlufttemp2.jpg Graphic file (type jpg)

<use analyse/mittlufttemp2.jpg>
Package pdftex.def Info: analyse/mittlufttemp2.jpg used on input line 28.
(pdftex.def)             Requested size: 455.23045pt x 284.52107pt.
)
Package babel Info: Redefining ngerman shorthand "|
(babel)             in language append on input line 91.
Package babel Info: Redefining ngerman shorthand "~
(babel)             in language append on input line 91.
Package babel Info: Redefining ngerman shorthand "|
(babel)             in language append on input line 91.
Package babel Info: Redefining ngerman shorthand "~
(babel)             in language append on input line 91.
 [54

]
Package babel Info: Redefining ngerman shorthand "|
(babel)             in language append on input line 91.
Package babel Info: Redefining ngerman shorthand "~
(babel)             in language append on input line 91.
Package babel Info: Redefining ngerman shorthand "|
(babel)             in language append on input line 91.
Package babel Info: Redefining ngerman shorthand "~
(babel)             in language append on input line 91.
 [55 <./analyse/sonnensdauer2.jpg> <./analyse/globalstr2.jpg>]
Package babel Info: Redefining ngerman shorthand "|
(babel)             in language append on input line 91.
Package babel Info: Redefining ngerman shorthand "~
(babel)             in language append on input line 91.
Package babel Info: Redefining ngerman shorthand "|
(babel)             in language append on input line 91.
Package babel Info: Redefining ngerman shorthand "~
(babel)             in language append on input line 91.
 [56 <./analyse/niedersmenge2.jpg> <./analyse/windstaerke2.jpg>]
Package babel Info: Redefining ngerman shorthand "|
(babel)             in language append on input line 91.
Package babel Info: Redefining ngerman shorthand "~
(babel)             in language append on input line 91.
Package babel Info: Redefining ngerman shorthand "|
(babel)             in language append on input line 91.
Package babel Info: Redefining ngerman shorthand "~
(babel)             in language append on input line 91.
 [57 <./analyse/mittlufttemp2.jpg>]
Package babel Info: Redefining ngerman shorthand "|
(babel)             in language append on input line 91.
Package babel Info: Redefining ngerman shorthand "~
(babel)             in language append on input line 91.
Package babel Info: Redefining ngerman shorthand "|
(babel)             in language append on input line 91.
Package babel Info: Redefining ngerman shorthand "~
(babel)             in language append on input line 91.
Package babel Info: Redefining ngerman shorthand "|
(babel)             in language append on input line 91.
Package babel Info: Redefining ngerman shorthand "~
(babel)             in language append on input line 91.
 [58

]
Kapitel 5.
Package babel Info: Redefining ngerman shorthand "|
(babel)             in language append on input line 92.
Package babel Info: Redefining ngerman shorthand "~
(babel)             in language append on input line 92.
(./end.tex) (./appendix.tex
Package babel Info: Redefining ngerman shorthand "|
(babel)             in language append on input line 4.
Package babel Info: Redefining ngerman shorthand "~
(babel)             in language append on input line 4.
Package babel Info: Redefining ngerman shorthand "|
(babel)             in language append on input line 4.
Package babel Info: Redefining ngerman shorthand "~
(babel)             in language append on input line 4.
 [59

]
Package babel Info: Redefining ngerman shorthand "|
(babel)             in language append on input line 4.
Package babel Info: Redefining ngerman shorthand "~
(babel)             in language append on input line 4.
Package babel Info: Redefining ngerman shorthand "|
(babel)             in language append on input line 4.
Package babel Info: Redefining ngerman shorthand "~
(babel)             in language append on input line 4.
Package babel Info: Redefining ngerman shorthand "|
(babel)             in language append on input line 4.
Package babel Info: Redefining ngerman shorthand "~
(babel)             in language append on input line 4.
 [60

]
Package babel Info: Redefining ngerman shorthand "|
(babel)             in language append on input line 5.
Package babel Info: Redefining ngerman shorthand "~
(babel)             in language append on input line 5.

Anhang A.
Package babel Info: Redefining ngerman shorthand "|
(babel)             in language append on input line 6.
Package babel Info: Redefining ngerman shorthand "~
(babel)             in language append on input line 6.

Overfull \hbox (5.69046pt too wide) in paragraph at lines 52--52
[]|[]| 
 []


Overfull \hbox (1.00287pt too wide) in paragraph at lines 52--52
\OT1/cmr/bx/n/10.95 Aufl[]osung 
 []


Underfull \hbox (badness 10000) in paragraph at lines 52--52
[]|\OT1/cmr/m/n/10.95 Markantes
 []


Underfull \hbox (badness 10000) in paragraph at lines 52--52
[]|\OT1/cmr/m/n/10.95 Markantes
 []


Underfull \hbox (badness 10000) in paragraph at lines 52--52
[]|\OT1/cmr/m/n/10.95 0=Wahrscheinlichkeit$\OML/cmm/m/it/10.95 <\OT1/cmr/m/n/10
.95 =$50%,
 []


Underfull \hbox (badness 10000) in paragraph at lines 52--52
[]|\OT1/cmr/m/n/10.95 Markantes
 []


Overfull \hbox (4.14406pt too wide) in paragraph at lines 52--52
[]|\OT1/cmr/m/n/10.95 0=Wahrscheinlichkeit$\OML/cmm/m/it/10.95 <\OT1/cmr/m/n/10
.95 =$50%,1=$\OML/cmm/m/it/10.95 >$\OT1/cmr/m/n/10.95 50%| 
 []


Underfull \hbox (badness 10000) in paragraph at lines 52--52
[]|\OT1/cmr/m/n/10.95 Markantes
 []


Underfull \hbox (badness 3128) in paragraph at lines 52--52
[]|\OT1/cmr/m/n/10.95 0=$\OML/cmm/m/it/10.95 <$\OT1/cmr/m/n/10.95 27$[]$C, 1=27
{31$[]$C, 2=32{40$[]$C,
 []


Underfull \hbox (badness 10000) in paragraph at lines 52--52
[]|\OT1/cmr/m/n/10.95 Markantes
 []


Underfull \hbox (badness 10000) in paragraph at lines 52--52
[]|\OT1/cmr/m/n/10.95 Markantes
 []


Underfull \hbox (badness 10000) in paragraph at lines 52--52
[]|\OT1/cmr/m/n/10.95 0=Wahrscheinlichkeit$\OML/cmm/m/it/10.95 <\OT1/cmr/m/n/10
.95 =$50%,
 []


Underfull \hbox (badness 10000) in paragraph at lines 52--52
[]|\OT1/cmr/m/n/10.95 Markantes
 []


Underfull \hbox (badness 3826) in paragraph at lines 52--52
[]|\OT1/cmr/m/n/10.95 0=keine In-fo, 1=10mm, 2=50mm,
 []


Underfull \hbox (badness 10000) in paragraph at lines 52--52
[]|\OT1/cmr/m/n/10.95 Signifikantes
 []


Underfull \hbox (badness 10000) in paragraph at lines 52--52
[]|\OT1/cmr/m/n/10.95 1=sonnig/klar, 2=leicht bew[]olkt,
 []


Underfull \hbox (badness 4156) in paragraph at lines 52--52
\OT1/cmr/m/n/10.95 3=vor-wie-gend bew[]olkt, 4=be-deckt,
 []


Underfull \hbox (badness 10000) in paragraph at lines 52--52
\OT1/cmr/m/n/10.95 gen, 10=Re-gen-schau-er, 11=leich-
 []


Underfull \hbox (badness 10000) in paragraph at lines 52--52
\OT1/cmr/m/n/10.95 ter Re-gen, 12=Schnee-schau-er,
 []


Underfull \hbox (badness 10000) in paragraph at lines 52--52
\OT1/cmr/m/n/10.95 13=Fron-ten-ge-wit-ter, 14=Hoch-ne-
 []


Overfull \hbox (82.53181pt too wide) in paragraph at lines 52--52
[][] 
 []

Package babel Info: Redefining ngerman shorthand "|
(babel)             in language append on input line 54.
Package babel Info: Redefining ngerman shorthand "~
(babel)             in language append on input line 54.
Package babel Info: Redefining ngerman shorthand "|
(babel)             in language append on input line 54.
Package babel Info: Redefining ngerman shorthand "~
(babel)             in language append on input line 54.
[61

]
Anhang B.
Package babel Info: Redefining ngerman shorthand "|
(babel)             in language append on input line 55.
Package babel Info: Redefining ngerman shorthand "~
(babel)             in language append on input line 55.
<modbus/modbustransdiag.jpg, id=1758, 349.305pt x 578.91281pt>
File: modbus/modbustransdiag.jpg Graphic file (type jpg)

<use modbus/modbustransdiag.jpg>
Package pdftex.def Info: modbus/modbustransdiag.jpg used on input line 58.
(pdftex.def)             Requested size: 227.04555pt x 376.28886pt.
Package babel Info: Redefining ngerman shorthand "|
(babel)             in language append on input line 62.
Package babel Info: Redefining ngerman shorthand "~
(babel)             in language append on input line 62.
Package babel Info: Redefining ngerman shorthand "|
(babel)             in language append on input line 62.
Package babel Info: Redefining ngerman shorthand "~
(babel)             in language append on input line 62.
 [62

 <./modbus/modbustransdiag.jpg>]
<modbus/fcodetab.jpg, id=1763, 438.13687pt x 515.67656pt>
File: modbus/fcodetab.jpg Graphic file (type jpg)

<use modbus/fcodetab.jpg>
Package pdftex.def Info: modbus/fcodetab.jpg used on input line 65.
(pdftex.def)             Requested size: 284.78558pt x 335.18579pt.
Package babel Info: Redefining ngerman shorthand "|
(babel)             in language append on input line 69.
Package babel Info: Redefining ngerman shorthand "~
(babel)             in language append on input line 69.
Package babel Info: Redefining ngerman shorthand "|
(babel)             in language append on input line 69.
Package babel Info: Redefining ngerman shorthand "~
(babel)             in language append on input line 69.
 [63 <./modbus/fcodetab.jpg>]
Anhang C.
Package babel Info: Redefining ngerman shorthand "|
(babel)             in language append on input line 69.
Package babel Info: Redefining ngerman shorthand "~
(babel)             in language append on input line 69.
Package babel Info: Redefining ngerman shorthand "|
(babel)             in language append on input line 71.
Package babel Info: Redefining ngerman shorthand "~
(babel)             in language append on input line 71.
Package babel Info: Redefining ngerman shorthand "|
(babel)             in language append on input line 71.
Package babel Info: Redefining ngerman shorthand "~
(babel)             in language append on input line 71.
[64

]
Anhang D.
Package babel Info: Redefining ngerman shorthand "|
(babel)             in language append on input line 71.
Package babel Info: Redefining ngerman shorthand "~
(babel)             in language append on input line 71.
(./abbreviations.tex)) (./Bachelorarbeit.bbl
Package babel Info: Redefining ngerman shorthand "|
(babel)             in language append on input line 1.
Package babel Info: Redefining ngerman shorthand "~
(babel)             in language append on input line 1.
Package babel Info: Redefining ngerman shorthand "|
(babel)             in language append on input line 1.
Package babel Info: Redefining ngerman shorthand "~
(babel)             in language append on input line 1.
 [65

]
Underfull \hbox (badness 10000) in paragraph at lines 19--25
[]\OT1/cmr/m/n/10.95 Bayern In-no-va-tiv Ge-sell-schaft f[]ur In-no-va-ti-on un
d Wis-sen-strans-fer mbH.
 []


Underfull \hbox (badness 10000) in paragraph at lines 19--25
\OT1/cmr/m/n/10.95 http://www.elektromobilitaet-verbindet.de/.  Web-si-te, Ja-n
u-ar 2014.  On-li-
 []


Underfull \hbox (badness 10000) in paragraph at lines 19--25
\OT1/cmr/m/n/10.95 ne verf[]ugbar auf []$\OT1/cmtt/m/n/10.95 http : / / www . e
lektromobilitaet-[]verbindet . de / projekte /
 []


Underfull \hbox (badness 2818) in paragraph at lines 56--62
[]\OT1/cmr/m/n/10.95 John D'Errico.  Slm - sha-pe lan-gua-ge mo-de-ling.  Web-s
i-te, Ju-ni 2009.  On-
 []


Underfull \hbox (badness 10000) in paragraph at lines 56--62
\OT1/cmr/m/n/10.95 li-ne verf[]ugbar auf []$\OT1/cmtt/m/n/10.95 http : / / www 
. mathworks . com / matlabcentral / fileexchange /
 []

)
Package atveryend Info: Empty hook `BeforeClearDocument' on input line 98.
Package babel Info: Redefining ngerman shorthand "|
(babel)             in language append on input line 98.
Package babel Info: Redefining ngerman shorthand "~
(babel)             in language append on input line 98.
Package babel Info: Redefining ngerman shorthand "|
(babel)             in language append on input line 98.
Package babel Info: Redefining ngerman shorthand "~
(babel)             in language append on input line 98.
 [66

]
Package atveryend Info: Empty hook `AfterLastShipout' on input line 98.
 (./Bachelorarbeit.aux)
Package atveryend Info: Executing hook `AtVeryEndDocument' on input line 98.
Package atveryend Info: Executing hook `AtEndAfterFileList' on input line 98.
Package rerunfilecheck Info: File `Bachelorarbeit.out' has not changed.
(rerunfilecheck)             Checksum: D1C37D5850B56E345E35234D94E2A338;2620.


LaTeX Warning: There were undefined references.

Package atveryend Info: Empty hook `AtVeryVeryEnd' on input line 98.
 ) 
Here is how much of TeX's memory you used:
 14817 strings out of 493315
 215615 string characters out of 6141455
 371740 words of memory out of 5000000
 16572 multiletter control sequences out of 15000+600000
 14266 words of font info for 46 fonts, out of 8000000 for 9000
 957 hyphenation exceptions out of 8191
 41i,18n,45p,2187b,1941s stack positions out of 5000i,500n,10000p,200000b,80000s
{c:/texlive/2013/texmf-dist/fonts/enc/dvips/base/8r.enc}{c:/texlive/2013/texm
f-dist/fonts/enc/dvips/cm-super/cm-super-ts1.enc}<c:/texlive/2013/texmf-dist/fo
nts/type1/public/amsfonts/cm/cmbx10.pfb><c:/texlive/2013/texmf-dist/fonts/type1
/public/amsfonts/cm/cmbx12.pfb><c:/texlive/2013/texmf-dist/fonts/type1/public/a
msfonts/cm/cmmi10.pfb><c:/texlive/2013/texmf-dist/fonts/type1/public/amsfonts/c
m/cmmi9.pfb><c:/texlive/2013/texmf-dist/fonts/type1/public/amsfonts/cm/cmr10.pf
b><c:/texlive/2013/texmf-dist/fonts/type1/public/amsfonts/cm/cmr17.pfb><c:/texl
ive/2013/texmf-dist/fonts/type1/public/amsfonts/cm/cmr8.pfb><c:/texlive/2013/te
xmf-dist/fonts/type1/public/amsfonts/cm/cmsy10.pfb><c:/texlive/2013/texmf-dist/
fonts/type1/public/amsfonts/cm/cmsy8.pfb><c:/texlive/2013/texmf-dist/fonts/type
1/public/amsfonts/cm/cmsy9.pfb><c:/texlive/2013/texmf-dist/fonts/type1/public/a
msfonts/cm/cmti10.pfb><c:/texlive/2013/texmf-dist/fonts/type1/public/amsfonts/c
m/cmtt10.pfb><c:/texlive/2013/texmf-dist/fonts/type1/public/cm-super/sfrm1095.p
fb><c:/texlive/2013/texmf-dist/fonts/type1/urw/courier/ucrr8a.pfb><c:/texlive/2
013/texmf-dist/fonts/type1/urw/helvetic/uhvr8a.pfb>
Output written on Bachelorarbeit.pdf (68 pages, 1788787 bytes).
PDF statistics:
 2133 PDF objects out of 2487 (max. 8388607)
 2006 compressed objects within 21 object streams
 1323 named destinations out of 1440 (max. 500000)
 377 words of extra memory for PDF output out of 10000 (max. 10000000)

